============================================================
TEST ERROR DETAILS
============================================================

Timestamp: 2025-12-27 23:23:09

============================================================
FULL ERROR DETAILS
============================================================

############################################################
ERROR #1 - apps.users
############################################################

======================================================================
FAIL: test_preferences_can_be_saved (tests.test_users.PreferencesViewTest.test_preferences_can_be_saved)
User can save preference changes.
----------------------------------------------------------------------

############################################################
ERROR #2 - apps.users
############################################################

======================================================================
FAIL: test_password_change_page_loads (tests.test_users_comprehensive.PasswordTest.test_password_change_page_loads)
Password change page loads.
----------------------------------------------------------------------

############################################################
ERROR #3 - apps.users
############################################################

======================================================================
FAIL: test_profile_edit_loads (tests.test_users_comprehensive.ProfileViewTest.test_profile_edit_loads)
Profile edit page loads.
----------------------------------------------------------------------

############################################################
ERROR #4 - apps.users
############################################################

======================================================================
FAIL: test_profile_loads (tests.test_users_comprehensive.ProfileViewTest.test_profile_loads)
Profile page loads for authenticated user.
----------------------------------------------------------------------

############################################################
ERROR #5 - apps.users
############################################################

======================================================================
FAIL: test_profile_shows_user_info (tests.test_users_comprehensive.ProfileViewTest.test_profile_shows_user_info)
Profile shows user information.
----------------------------------------------------------------------

############################################################
ERROR #6 - apps.users
############################################################

======================================================================
FAIL: test_user_cannot_access_other_profile (tests.test_users_comprehensive.UserDataIsolationTest.test_user_cannot_access_other_profile)
User cannot view another user's profile directly.
----------------------------------------------------------------------

############################################################
ERROR #7 - apps.users
############################################################

Traceback (most recent call last):
  File "C:\Users\danny\.claude-worktrees\dbawholelifejourney\serene-ellis\apps\users\tests\test_users.py", line 237, in test_preferences_can_be_saved
    self.assertEqual(
    ~~~~~~~~~~~~~~~~^
        self.user.preferences.theme,
        ^^^^^^^^^^^^^^^^^^^^^^^^^^^^
        'dark',
        ^^^^^^^
        f"Theme should be 'dark', got '{self.user.preferences.theme}'"
        ^^^^^^^^^^^^^^^^^^^^^^^^^^^^^^^^^^^^^^^^^^^^^^^^^^^^^^^^^^^^^^
    )
    ^
AssertionError: 'minimal' != 'dark'
- minimal
+ dark
 : Theme should be 'dark', got 'minimal'

############################################################
ERROR #8 - apps.users
############################################################

Traceback (most recent call last):
  File "C:\Users\danny\.claude-worktrees\dbawholelifejourney\serene-ellis\apps\users\tests\test_users_comprehensive.py", line 375, in test_password_change_page_loads
    self.assertEqual(response.status_code, 200)
    ~~~~~~~~~~~~~~~~^^^^^^^^^^^^^^^^^^^^^^^^^^^
AssertionError: 302 != 200

############################################################
ERROR #9 - apps.users
############################################################

Traceback (most recent call last):
  File "C:\Users\danny\.claude-worktrees\dbawholelifejourney\serene-ellis\apps\users\tests\test_users_comprehensive.py", line 278, in test_profile_edit_loads
    self.assertEqual(response.status_code, 200)
    ~~~~~~~~~~~~~~~~^^^^^^^^^^^^^^^^^^^^^^^^^^^
AssertionError: 302 != 200

############################################################
ERROR #10 - apps.users
############################################################

Traceback (most recent call last):
  File "C:\Users\danny\.claude-worktrees\dbawholelifejourney\serene-ellis\apps\users\tests\test_users_comprehensive.py", line 261, in test_profile_loads
    self.assertEqual(response.status_code, 200)
    ~~~~~~~~~~~~~~~~^^^^^^^^^^^^^^^^^^^^^^^^^^^
AssertionError: 302 != 200

############################################################
ERROR #11 - apps.users
############################################################

Traceback (most recent call last):
  File "C:\Users\danny\.claude-worktrees\dbawholelifejourney\serene-ellis\apps\users\tests\test_users_comprehensive.py", line 272, in test_profile_shows_user_info
    self.assertContains(response, 'John')
    ~~~~~~~~~~~~~~~~~~~^^^^^^^^^^^^^^^^^^
AssertionError: 302 != 200 : Couldn't retrieve content: Response code was 302 (expected 200)

############################################################
ERROR #12 - apps.users
############################################################

Traceback (most recent call last):
  File "C:\Users\danny\.claude-worktrees\dbawholelifejourney\serene-ellis\apps\users\tests\test_users_comprehensive.py", line 357, in test_user_cannot_access_other_profile
    self.assertEqual(response.status_code, 200)
    ~~~~~~~~~~~~~~~~^^^^^^^^^^^^^^^^^^^^^^^^^^^
AssertionError: 302 != 200

############################################################
ERROR #13 - apps.dashboard
############################################################

======================================================================
ERROR: test_dashboard_has_current_date_context (tests.test_dashboard.DashboardContextTest.test_dashboard_has_current_date_context)
Dashboard context includes current date.
----------------------------------------------------------------------

############################################################
ERROR #14 - apps.dashboard
############################################################

======================================================================
ERROR: test_dashboard_has_greeting_context (tests.test_dashboard.DashboardContextTest.test_dashboard_has_greeting_context)
Dashboard context includes greeting.
----------------------------------------------------------------------

############################################################
ERROR #15 - apps.dashboard
############################################################

======================================================================
ERROR: test_dashboard_has_module_enabled_flags (tests.test_dashboard.DashboardContextTest.test_dashboard_has_module_enabled_flags)
Dashboard context includes module enabled flags.
----------------------------------------------------------------------

############################################################
ERROR #16 - apps.dashboard
############################################################

======================================================================
ERROR: test_weight_chart_data_is_list (tests.test_dashboard_comprehensive.DashboardAPITest.test_weight_chart_data_is_list)
Weight chart data fields are lists.
----------------------------------------------------------------------

############################################################
ERROR #17 - apps.dashboard
############################################################

======================================================================
ERROR: test_weight_chart_has_required_fields (tests.test_dashboard_comprehensive.DashboardAPITest.test_weight_chart_has_required_fields)
Weight chart data has labels and values fields.
----------------------------------------------------------------------

############################################################
ERROR #18 - apps.dashboard
############################################################

======================================================================
ERROR: test_encouragement_filters_by_faith_setting (tests.test_dashboard_comprehensive.DashboardBusinessLogicTest.test_encouragement_filters_by_faith_setting)
Faith-specific encouragements only shown when faith enabled.
----------------------------------------------------------------------

############################################################
ERROR #19 - apps.dashboard
############################################################

======================================================================
ERROR: test_greeting_changes_by_time_of_day (tests.test_dashboard_comprehensive.DashboardBusinessLogicTest.test_greeting_changes_by_time_of_day)
Greeting changes based on time of day.
----------------------------------------------------------------------

############################################################
ERROR #20 - apps.dashboard
############################################################

======================================================================
ERROR: test_default_config_exists (tests.test_dashboard_comprehensive.DashboardConfigurationTest.test_default_config_exists)
Default dashboard config is provided.
----------------------------------------------------------------------

############################################################
ERROR #21 - apps.dashboard
############################################################

======================================================================
ERROR: test_context_contains_dashboard_config (tests.test_dashboard_comprehensive.DashboardContextTest.test_context_contains_dashboard_config)
Context includes user_data with dashboard stats.
----------------------------------------------------------------------

############################################################
ERROR #22 - apps.dashboard
############################################################

======================================================================
ERROR: test_context_contains_encouragement (tests.test_dashboard_comprehensive.DashboardContextTest.test_context_contains_encouragement)
Context includes encouragement.
----------------------------------------------------------------------

############################################################
ERROR #23 - apps.dashboard
############################################################

======================================================================
ERROR: test_context_contains_greeting (tests.test_dashboard_comprehensive.DashboardContextTest.test_context_contains_greeting)
Context includes greeting.
----------------------------------------------------------------------

############################################################
ERROR #24 - apps.dashboard
############################################################

======================================================================
ERROR: test_context_contains_module_flags (tests.test_dashboard_comprehensive.DashboardContextTest.test_context_contains_module_flags)
Context includes module enabled flags.
----------------------------------------------------------------------

############################################################
ERROR #25 - apps.dashboard
############################################################

======================================================================
ERROR: test_faith_stats_excluded_when_disabled (tests.test_dashboard_comprehensive.DashboardContextTest.test_faith_stats_excluded_when_disabled)
Faith stats not included when faith module disabled.
----------------------------------------------------------------------

############################################################
ERROR #26 - apps.dashboard
############################################################

======================================================================
ERROR: test_faith_stats_included_when_enabled (tests.test_dashboard_comprehensive.DashboardContextTest.test_faith_stats_included_when_enabled)
Faith stats included when faith module enabled.
----------------------------------------------------------------------

############################################################
ERROR #27 - apps.dashboard
############################################################

======================================================================
ERROR: test_journal_count_updates_on_dashboard (tests.test_dashboard_comprehensive.DashboardIntegrationTest.test_journal_count_updates_on_dashboard)
Dashboard shows correct journal entry count.
----------------------------------------------------------------------

############################################################
ERROR #28 - apps.dashboard
############################################################

======================================================================
ERROR: test_task_count_on_dashboard (tests.test_dashboard_comprehensive.DashboardIntegrationTest.test_task_count_on_dashboard)
Dashboard shows correct task counts.
----------------------------------------------------------------------

############################################################
ERROR #29 - apps.dashboard
############################################################

======================================================================
ERROR: test_user_sees_own_data_only (tests.test_dashboard_comprehensive.DashboardPermissionTest.test_user_sees_own_data_only)
User only sees their own data on dashboard.
----------------------------------------------------------------------

############################################################
ERROR #30 - apps.dashboard
############################################################

======================================================================
ERROR: test_streak_with_consecutive_entries (tests.test_dashboard_comprehensive.JournalStreakTest.test_streak_with_consecutive_entries)
Streak counts consecutive days.
----------------------------------------------------------------------

############################################################
ERROR #31 - apps.dashboard
############################################################

======================================================================
ERROR: test_streak_zero_with_no_entries (tests.test_dashboard_comprehensive.JournalStreakTest.test_streak_zero_with_no_entries)
Streak is 0 when no journal entries.
----------------------------------------------------------------------

############################################################
ERROR #32 - apps.dashboard
############################################################

======================================================================
FAIL: test_dashboard_hides_faith_tile_when_disabled (tests.test_dashboard.DashboardViewTest.test_dashboard_hides_faith_tile_when_disabled)
Faith tile is hidden when faith module is disabled.
----------------------------------------------------------------------

############################################################
ERROR #33 - apps.dashboard
############################################################

======================================================================
FAIL: test_dashboard_hides_journal_tile_when_disabled (tests.test_dashboard.DashboardViewTest.test_dashboard_hides_journal_tile_when_disabled)
Journal tile is hidden when journal is disabled.
----------------------------------------------------------------------

############################################################
ERROR #34 - apps.dashboard
############################################################

======================================================================
FAIL: test_dashboard_loads_for_authenticated_user (tests.test_dashboard.DashboardViewTest.test_dashboard_loads_for_authenticated_user)
Authenticated user can access dashboard.
----------------------------------------------------------------------

############################################################
ERROR #35 - apps.dashboard
############################################################

======================================================================
FAIL: test_dashboard_shows_faith_tile_when_enabled (tests.test_dashboard.DashboardViewTest.test_dashboard_shows_faith_tile_when_enabled)
Faith tile appears when faith module is enabled.
----------------------------------------------------------------------

############################################################
ERROR #36 - apps.dashboard
############################################################

======================================================================
FAIL: test_dashboard_shows_greeting (tests.test_dashboard.DashboardViewTest.test_dashboard_shows_greeting)
Dashboard shows personalized greeting.
----------------------------------------------------------------------

############################################################
ERROR #37 - apps.dashboard
############################################################

======================================================================
FAIL: test_dashboard_shows_journal_tile_when_enabled (tests.test_dashboard.DashboardViewTest.test_dashboard_shows_journal_tile_when_enabled)
Journal tile appears when journal is enabled.
----------------------------------------------------------------------

############################################################
ERROR #38 - apps.dashboard
############################################################

======================================================================
FAIL: test_dashboard_shows_life_tile_when_enabled (tests.test_dashboard.DashboardViewTest.test_dashboard_shows_life_tile_when_enabled)
Life tile appears when life module is enabled.
----------------------------------------------------------------------

############################################################
ERROR #39 - apps.dashboard
############################################################

======================================================================
FAIL: test_dashboard_shows_purpose_tile_when_enabled (tests.test_dashboard.DashboardViewTest.test_dashboard_shows_purpose_tile_when_enabled)
Purpose tile appears when purpose module is enabled.
----------------------------------------------------------------------

############################################################
ERROR #40 - apps.dashboard
############################################################

======================================================================
FAIL: test_weight_chart_returns_json (tests.test_dashboard_comprehensive.DashboardAPITest.test_weight_chart_returns_json)
Weight chart API returns valid JSON.
----------------------------------------------------------------------

############################################################
ERROR #41 - apps.dashboard
############################################################

======================================================================
FAIL: test_dashboard_loads_with_no_data (tests.test_dashboard_comprehensive.DashboardEdgeCaseTest.test_dashboard_loads_with_no_data)
Dashboard loads gracefully when user has no data.
----------------------------------------------------------------------

############################################################
ERROR #42 - apps.dashboard
############################################################

======================================================================
FAIL: test_dashboard_loads_with_no_encouragements (tests.test_dashboard_comprehensive.DashboardEdgeCaseTest.test_dashboard_loads_with_no_encouragements)
Dashboard loads when no encouragements exist.
----------------------------------------------------------------------

############################################################
ERROR #43 - apps.dashboard
############################################################

======================================================================
FAIL: test_dashboard_with_new_user (tests.test_dashboard_comprehensive.DashboardEdgeCaseTest.test_dashboard_with_new_user)
Dashboard works for brand new user with no history.
----------------------------------------------------------------------

############################################################
ERROR #44 - apps.dashboard
############################################################

======================================================================
FAIL: test_dashboard_handles_missing_preferences (tests.test_dashboard_comprehensive.DashboardErrorHandlingTest.test_dashboard_handles_missing_preferences)
Dashboard handles user without preferences gracefully.
----------------------------------------------------------------------

############################################################
ERROR #45 - apps.dashboard
############################################################

======================================================================
FAIL: test_invalid_weight_data_handled (tests.test_dashboard_comprehensive.DashboardErrorHandlingTest.test_invalid_weight_data_handled)
Weight API handles edge cases.
----------------------------------------------------------------------

############################################################
ERROR #46 - apps.dashboard
############################################################

======================================================================
FAIL: test_weight_data_reflects_health_entries (tests.test_dashboard_comprehensive.DashboardIntegrationTest.test_weight_data_reflects_health_entries)
Weight chart data reflects health module entries.
----------------------------------------------------------------------

############################################################
ERROR #47 - apps.dashboard
############################################################

======================================================================
FAIL: test_dashboard_loads_for_authenticated_user (tests.test_dashboard_comprehensive.DashboardViewBasicTest.test_dashboard_loads_for_authenticated_user)
Dashboard loads for authenticated user.
----------------------------------------------------------------------

############################################################
ERROR #48 - apps.dashboard
############################################################

======================================================================
FAIL: test_dashboard_uses_correct_template (tests.test_dashboard_comprehensive.DashboardViewBasicTest.test_dashboard_uses_correct_template)
Dashboard uses the correct template.
----------------------------------------------------------------------

############################################################
ERROR #49 - apps.dashboard
############################################################

Traceback (most recent call last):
  File "C:\Users\danny\.claude-worktrees\dbawholelifejourney\serene-ellis\apps\dashboard\tests\test_dashboard.py", line 145, in test_dashboard_has_current_date_context
    self.assertIn('current_date', response.context)
    ~~~~~~~~~~~~~^^^^^^^^^^^^^^^^^^^^^^^^^^^^^^^^^^
  File "C:\Users\danny\AppData\Local\Programs\Python\Python314\Lib\unittest\case.py", line 1189, in assertIn
    if member not in container:
       ^^^^^^^^^^^^^^^^^^^^^^^
TypeError: argument of type 'NoneType' is not a container or iterable

############################################################
ERROR #50 - apps.dashboard
############################################################

Traceback (most recent call last):
  File "C:\Users\danny\.claude-worktrees\dbawholelifejourney\serene-ellis\apps\dashboard\tests\test_dashboard.py", line 140, in test_dashboard_has_greeting_context
    self.assertIn('greeting', response.context)
    ~~~~~~~~~~~~~^^^^^^^^^^^^^^^^^^^^^^^^^^^^^^
  File "C:\Users\danny\AppData\Local\Programs\Python\Python314\Lib\unittest\case.py", line 1189, in assertIn
    if member not in container:
       ^^^^^^^^^^^^^^^^^^^^^^^
TypeError: argument of type 'NoneType' is not a container or iterable

############################################################
ERROR #51 - apps.dashboard
############################################################

Traceback (most recent call last):
  File "C:\Users\danny\.claude-worktrees\dbawholelifejourney\serene-ellis\apps\dashboard\tests\test_dashboard.py", line 150, in test_dashboard_has_module_enabled_flags
    self.assertIn('journal_enabled', response.context)
    ~~~~~~~~~~~~~^^^^^^^^^^^^^^^^^^^^^^^^^^^^^^^^^^^^^
  File "C:\Users\danny\AppData\Local\Programs\Python\Python314\Lib\unittest\case.py", line 1189, in assertIn
    if member not in container:
       ^^^^^^^^^^^^^^^^^^^^^^^
TypeError: argument of type 'NoneType' is not a container or iterable

############################################################
ERROR #52 - apps.dashboard
############################################################

Traceback (most recent call last):
  File "C:\Users\danny\.claude-worktrees\dbawholelifejourney\serene-ellis\apps\dashboard\tests\test_dashboard_comprehensive.py", line 595, in test_weight_chart_data_is_list
    data = json.loads(response.content)
  File "C:\Users\danny\AppData\Local\Programs\Python\Python314\Lib\json\__init__.py", line 346, in loads
    return _default_decoder.decode(s)
           ~~~~~~~~~~~~~~~~~~~~~~~^^^
  File "C:\Users\danny\AppData\Local\Programs\Python\Python314\Lib\json\decoder.py", line 345, in decode
    obj, end = self.raw_decode(s, idx=_w(s, 0).end())
               ~~~~~~~~~~~~~~~^^^^^^^^^^^^^^^^^^^^^^^
  File "C:\Users\danny\AppData\Local\Programs\Python\Python314\Lib\json\decoder.py", line 363, in raw_decode
    raise JSONDecodeError("Expecting value", s, err.value) from None
json.decoder.JSONDecodeError: Expecting value: line 1 column 1 (char 0)

############################################################
ERROR #53 - apps.dashboard
############################################################

Traceback (most recent call last):
  File "C:\Users\danny\.claude-worktrees\dbawholelifejourney\serene-ellis\apps\dashboard\tests\test_dashboard_comprehensive.py", line 587, in test_weight_chart_has_required_fields
    data = json.loads(response.content)
  File "C:\Users\danny\AppData\Local\Programs\Python\Python314\Lib\json\__init__.py", line 346, in loads
    return _default_decoder.decode(s)
           ~~~~~~~~~~~~~~~~~~~~~~~^^^
  File "C:\Users\danny\AppData\Local\Programs\Python\Python314\Lib\json\decoder.py", line 345, in decode
    obj, end = self.raw_decode(s, idx=_w(s, 0).end())
               ~~~~~~~~~~~~~~~^^^^^^^^^^^^^^^^^^^^^^^
  File "C:\Users\danny\AppData\Local\Programs\Python\Python314\Lib\json\decoder.py", line 363, in raw_decode
    raise JSONDecodeError("Expecting value", s, err.value) from None
json.decoder.JSONDecodeError: Expecting value: line 1 column 1 (char 0)

############################################################
ERROR #54 - apps.dashboard
############################################################

Traceback (most recent call last):
  File "C:\Users\danny\.claude-worktrees\dbawholelifejourney\serene-ellis\apps\dashboard\tests\test_dashboard_comprehensive.py", line 388, in test_encouragement_filters_by_faith_setting
    encouragement = response.context.get('encouragement')
                    ^^^^^^^^^^^^^^^^^^^^
AttributeError: 'NoneType' object has no attribute 'get'

############################################################
ERROR #55 - apps.dashboard
############################################################

Traceback (most recent call last):
  File "C:\Users\danny\.claude-worktrees\dbawholelifejourney\serene-ellis\apps\dashboard\tests\test_dashboard_comprehensive.py", line 363, in test_greeting_changes_by_time_of_day
    greeting = response.context.get('greeting', '')
               ^^^^^^^^^^^^^^^^^^^^
AttributeError: 'NoneType' object has no attribute 'get'

############################################################
ERROR #56 - apps.dashboard
############################################################

Traceback (most recent call last):
  File "C:\Users\danny\.claude-worktrees\dbawholelifejourney\serene-ellis\apps\dashboard\tests\test_dashboard_comprehensive.py", line 659, in test_default_config_exists
    user_data = response.context.get('user_data')
                ^^^^^^^^^^^^^^^^^^^^
AttributeError: 'NoneType' object has no attribute 'get'

############################################################
ERROR #57 - apps.dashboard
############################################################

Traceback (most recent call last):
  File "C:\Users\danny\.claude-worktrees\dbawholelifejourney\serene-ellis\apps\dashboard\tests\test_dashboard_comprehensive.py", line 283, in test_context_contains_dashboard_config
    self.assertIn('user_data', response.context)
    ~~~~~~~~~~~~~^^^^^^^^^^^^^^^^^^^^^^^^^^^^^^^
  File "C:\Users\danny\AppData\Local\Programs\Python\Python314\Lib\unittest\case.py", line 1189, in assertIn
    if member not in container:
       ^^^^^^^^^^^^^^^^^^^^^^^
TypeError: argument of type 'NoneType' is not a container or iterable

############################################################
ERROR #58 - apps.dashboard
############################################################

Traceback (most recent call last):
  File "C:\Users\danny\.claude-worktrees\dbawholelifejourney\serene-ellis\apps\dashboard\tests\test_dashboard_comprehensive.py", line 272, in test_context_contains_encouragement
    self.assertIn('encouragement', response.context)
    ~~~~~~~~~~~~~^^^^^^^^^^^^^^^^^^^^^^^^^^^^^^^^^^^
  File "C:\Users\danny\AppData\Local\Programs\Python\Python314\Lib\unittest\case.py", line 1189, in assertIn
    if member not in container:
       ^^^^^^^^^^^^^^^^^^^^^^^
TypeError: argument of type 'NoneType' is not a container or iterable

############################################################
ERROR #59 - apps.dashboard
############################################################

Traceback (most recent call last):
  File "C:\Users\danny\.claude-worktrees\dbawholelifejourney\serene-ellis\apps\dashboard\tests\test_dashboard_comprehensive.py", line 267, in test_context_contains_greeting
    self.assertIn('greeting', response.context)
    ~~~~~~~~~~~~~^^^^^^^^^^^^^^^^^^^^^^^^^^^^^^
  File "C:\Users\danny\AppData\Local\Programs\Python\Python314\Lib\unittest\case.py", line 1189, in assertIn
    if member not in container:
       ^^^^^^^^^^^^^^^^^^^^^^^
TypeError: argument of type 'NoneType' is not a container or iterable

############################################################
ERROR #60 - apps.dashboard
############################################################

Traceback (most recent call last):
  File "C:\Users\danny\.claude-worktrees\dbawholelifejourney\serene-ellis\apps\dashboard\tests\test_dashboard_comprehensive.py", line 277, in test_context_contains_module_flags
    self.assertIn('faith_enabled', response.context)
    ~~~~~~~~~~~~~^^^^^^^^^^^^^^^^^^^^^^^^^^^^^^^^^^^
  File "C:\Users\danny\AppData\Local\Programs\Python\Python314\Lib\unittest\case.py", line 1189, in assertIn
    if member not in container:
       ^^^^^^^^^^^^^^^^^^^^^^^
TypeError: argument of type 'NoneType' is not a container or iterable

############################################################
ERROR #61 - apps.dashboard
############################################################

Traceback (most recent call last):
  File "C:\Users\danny\.claude-worktrees\dbawholelifejourney\serene-ellis\apps\dashboard\tests\test_dashboard_comprehensive.py", line 298, in test_faith_stats_excluded_when_disabled
    self.assertFalse(response.context.get('faith_enabled', False))
                     ^^^^^^^^^^^^^^^^^^^^
AttributeError: 'NoneType' object has no attribute 'get'

############################################################
ERROR #62 - apps.dashboard
############################################################

Traceback (most recent call last):
  File "C:\Users\danny\.claude-worktrees\dbawholelifejourney\serene-ellis\apps\dashboard\tests\test_dashboard_comprehensive.py", line 290, in test_faith_stats_included_when_enabled
    self.assertIn('faith_enabled', response.context)
    ~~~~~~~~~~~~~^^^^^^^^^^^^^^^^^^^^^^^^^^^^^^^^^^^
  File "C:\Users\danny\AppData\Local\Programs\Python\Python314\Lib\unittest\case.py", line 1189, in assertIn
    if member not in container:
       ^^^^^^^^^^^^^^^^^^^^^^^
TypeError: argument of type 'NoneType' is not a container or iterable

############################################################
ERROR #63 - apps.dashboard
############################################################

Traceback (most recent call last):
  File "C:\Users\danny\.claude-worktrees\dbawholelifejourney\serene-ellis\apps\dashboard\tests\test_dashboard_comprehensive.py", line 459, in test_journal_count_updates_on_dashboard
    user_data = response.context.get('user_data', {})
                ^^^^^^^^^^^^^^^^^^^^
AttributeError: 'NoneType' object has no attribute 'get'

############################################################
ERROR #64 - apps.dashboard
############################################################

Traceback (most recent call last):
  File "C:\Users\danny\.claude-worktrees\dbawholelifejourney\serene-ellis\apps\dashboard\tests\test_dashboard_comprehensive.py", line 481, in test_task_count_on_dashboard
    life_stats = response.context.get('life_stats', {})
                 ^^^^^^^^^^^^^^^^^^^^
AttributeError: 'NoneType' object has no attribute 'get'

############################################################
ERROR #65 - apps.dashboard
############################################################

Traceback (most recent call last):
  File "C:\Users\danny\.claude-worktrees\dbawholelifejourney\serene-ellis\apps\dashboard\tests\test_dashboard_comprehensive.py", line 544, in test_user_sees_own_data_only
    user_data = response.context.get('user_data', {})
                ^^^^^^^^^^^^^^^^^^^^
AttributeError: 'NoneType' object has no attribute 'get'

############################################################
ERROR #66 - apps.dashboard
############################################################

Traceback (most recent call last):
  File "C:\Users\danny\.claude-worktrees\dbawholelifejourney\serene-ellis\apps\dashboard\tests\test_dashboard_comprehensive.py", line 427, in test_streak_with_consecutive_entries
    user_data = response.context.get('user_data', {})
                ^^^^^^^^^^^^^^^^^^^^
AttributeError: 'NoneType' object has no attribute 'get'

############################################################
ERROR #67 - apps.dashboard
############################################################

Traceback (most recent call last):
  File "C:\Users\danny\.claude-worktrees\dbawholelifejourney\serene-ellis\apps\dashboard\tests\test_dashboard_comprehensive.py", line 409, in test_streak_zero_with_no_entries
    user_data = response.context.get('user_data', {})
                ^^^^^^^^^^^^^^^^^^^^
AttributeError: 'NoneType' object has no attribute 'get'

############################################################
ERROR #68 - apps.dashboard
############################################################

Traceback (most recent call last):
  File "C:\Users\danny\.claude-worktrees\dbawholelifejourney\serene-ellis\apps\dashboard\tests\test_dashboard.py", line 101, in test_dashboard_hides_faith_tile_when_disabled
    self.assertNotContains(response, 'tile-faith')
    ~~~~~~~~~~~~~~~~~~~~~~^^^^^^^^^^^^^^^^^^^^^^^^
AssertionError: 302 != 200 : Couldn't retrieve content: Response code was 302 (expected 200)

############################################################
ERROR #69 - apps.dashboard
############################################################

Traceback (most recent call last):
  File "C:\Users\danny\.claude-worktrees\dbawholelifejourney\serene-ellis\apps\dashboard\tests\test_dashboard.py", line 74, in test_dashboard_hides_journal_tile_when_disabled
    self.assertNotContains(response, 'tile-journal')
    ~~~~~~~~~~~~~~~~~~~~~~^^^^^^^^^^^^^^^^^^^^^^^^^^
AssertionError: 302 != 200 : Couldn't retrieve content: Response code was 302 (expected 200)

############################################################
ERROR #70 - apps.dashboard
############################################################

Traceback (most recent call last):
  File "C:\Users\danny\.claude-worktrees\dbawholelifejourney\serene-ellis\apps\dashboard\tests\test_dashboard.py", line 49, in test_dashboard_loads_for_authenticated_user
    self.assertEqual(response.status_code, 200)
    ~~~~~~~~~~~~~~~~^^^^^^^^^^^^^^^^^^^^^^^^^^^
AssertionError: 302 != 200

############################################################
ERROR #71 - apps.dashboard
############################################################

Traceback (most recent call last):
  File "C:\Users\danny\.claude-worktrees\dbawholelifejourney\serene-ellis\apps\dashboard\tests\test_dashboard.py", line 92, in test_dashboard_shows_faith_tile_when_enabled
    self.assertContains(response, 'Faith')
    ~~~~~~~~~~~~~~~~~~~^^^^^^^^^^^^^^^^^^^
AssertionError: 302 != 200 : Couldn't retrieve content: Response code was 302 (expected 200)

############################################################
ERROR #72 - apps.dashboard
############################################################

Traceback (most recent call last):
  File "C:\Users\danny\.claude-worktrees\dbawholelifejourney\serene-ellis\apps\dashboard\tests\test_dashboard.py", line 55, in test_dashboard_shows_greeting
    self.assertContains(response, 'John')
    ~~~~~~~~~~~~~~~~~~~^^^^^^^^^^^^^^^^^^
AssertionError: 302 != 200 : Couldn't retrieve content: Response code was 302 (expected 200)

############################################################
ERROR #73 - apps.dashboard
############################################################

Traceback (most recent call last):
  File "C:\Users\danny\.claude-worktrees\dbawholelifejourney\serene-ellis\apps\dashboard\tests\test_dashboard.py", line 64, in test_dashboard_shows_journal_tile_when_enabled
    self.assertContains(response, 'Journal')
    ~~~~~~~~~~~~~~~~~~~^^^^^^^^^^^^^^^^^^^^^
AssertionError: 302 != 200 : Couldn't retrieve content: Response code was 302 (expected 200)

############################################################
ERROR #74 - apps.dashboard
############################################################

Traceback (most recent call last):
  File "C:\Users\danny\.claude-worktrees\dbawholelifejourney\serene-ellis\apps\dashboard\tests\test_dashboard.py", line 83, in test_dashboard_shows_life_tile_when_enabled
    self.assertContains(response, 'Life')
    ~~~~~~~~~~~~~~~~~~~^^^^^^^^^^^^^^^^^^
AssertionError: 302 != 200 : Couldn't retrieve content: Response code was 302 (expected 200)

############################################################
ERROR #75 - apps.dashboard
############################################################

Traceback (most recent call last):
  File "C:\Users\danny\.claude-worktrees\dbawholelifejourney\serene-ellis\apps\dashboard\tests\test_dashboard.py", line 110, in test_dashboard_shows_purpose_tile_when_enabled
    self.assertContains(response, 'Purpose')
    ~~~~~~~~~~~~~~~~~~~^^^^^^^^^^^^^^^^^^^^^
AssertionError: 302 != 200 : Couldn't retrieve content: Response code was 302 (expected 200)

############################################################
ERROR #76 - apps.dashboard
############################################################

Traceback (most recent call last):
  File "C:\Users\danny\.claude-worktrees\dbawholelifejourney\serene-ellis\apps\dashboard\tests\test_dashboard_comprehensive.py", line 577, in test_weight_chart_returns_json
    self.assertEqual(response.status_code, 200)
    ~~~~~~~~~~~~~~~~^^^^^^^^^^^^^^^^^^^^^^^^^^^
AssertionError: 302 != 200

############################################################
ERROR #77 - apps.dashboard
############################################################

Traceback (most recent call last):
  File "C:\Users\danny\.claude-worktrees\dbawholelifejourney\serene-ellis\apps\dashboard\tests\test_dashboard_comprehensive.py", line 316, in test_dashboard_loads_with_no_data
    self.assertEqual(response.status_code, 200)
    ~~~~~~~~~~~~~~~~^^^^^^^^^^^^^^^^^^^^^^^^^^^
AssertionError: 302 != 200

############################################################
ERROR #78 - apps.dashboard
############################################################

Traceback (most recent call last):
  File "C:\Users\danny\.claude-worktrees\dbawholelifejourney\serene-ellis\apps\dashboard\tests\test_dashboard_comprehensive.py", line 322, in test_dashboard_loads_with_no_encouragements
    self.assertEqual(response.status_code, 200)
    ~~~~~~~~~~~~~~~~^^^^^^^^^^^^^^^^^^^^^^^^^^^
AssertionError: 302 != 200

############################################################
ERROR #79 - apps.dashboard
############################################################

Traceback (most recent call last):
  File "C:\Users\danny\.claude-worktrees\dbawholelifejourney\serene-ellis\apps\dashboard\tests\test_dashboard_comprehensive.py", line 329, in test_dashboard_with_new_user
    self.assertEqual(response.status_code, 200)
    ~~~~~~~~~~~~~~~~^^^^^^^^^^^^^^^^^^^^^^^^^^^
AssertionError: 302 != 200

############################################################
ERROR #80 - apps.dashboard
############################################################

Traceback (most recent call last):
  File "C:\Users\danny\.claude-worktrees\dbawholelifejourney\serene-ellis\apps\dashboard\tests\test_dashboard_comprehensive.py", line 679, in test_dashboard_handles_missing_preferences
    self.assertEqual(response.status_code, 200)
    ~~~~~~~~~~~~~~~~^^^^^^^^^^^^^^^^^^^^^^^^^^^
AssertionError: 302 != 200

############################################################
ERROR #81 - apps.dashboard
############################################################

Traceback (most recent call last):
  File "C:\Users\danny\.claude-worktrees\dbawholelifejourney\serene-ellis\apps\dashboard\tests\test_dashboard_comprehensive.py", line 684, in test_invalid_weight_data_handled
    self.assertEqual(response.status_code, 200)
    ~~~~~~~~~~~~~~~~^^^^^^^^^^^^^^^^^^^^^^^^^^^
AssertionError: 302 != 200

############################################################
ERROR #82 - apps.dashboard
############################################################

Traceback (most recent call last):
  File "C:\Users\danny\.claude-worktrees\dbawholelifejourney\serene-ellis\apps\dashboard\tests\test_dashboard_comprehensive.py", line 499, in test_weight_data_reflects_health_entries
    self.assertEqual(response.status_code, 200)
    ~~~~~~~~~~~~~~~~^^^^^^^^^^^^^^^^^^^^^^^^^^^
AssertionError: 302 != 200

############################################################
ERROR #83 - apps.dashboard
############################################################

Traceback (most recent call last):
  File "C:\Users\danny\.claude-worktrees\dbawholelifejourney\serene-ellis\apps\dashboard\tests\test_dashboard_comprehensive.py", line 222, in test_dashboard_loads_for_authenticated_user
    self.assertEqual(response.status_code, 200)
    ~~~~~~~~~~~~~~~~^^^^^^^^^^^^^^^^^^^^^^^^^^^
AssertionError: 302 != 200

############################################################
ERROR #84 - apps.dashboard
############################################################

Traceback (most recent call last):
  File "C:\Users\danny\.claude-worktrees\dbawholelifejourney\serene-ellis\apps\dashboard\tests\test_dashboard_comprehensive.py", line 249, in test_dashboard_uses_correct_template
    self.assertTemplateUsed(response, 'dashboard/home.html')
    ~~~~~~~~~~~~~~~~~~~~~~~^^^^^^^^^^^^^^^^^^^^^^^^^^^^^^^^^
AssertionError: No templates used to render the response

############################################################
ERROR #85 - apps.journal
############################################################

======================================================================
ERROR: test_create_view_has_form_in_context (tests.test_journal_comprehensive.JournalContextTest.test_create_view_has_form_in_context)
Create view includes form in context.
----------------------------------------------------------------------

############################################################
ERROR #86 - apps.journal
############################################################

======================================================================
ERROR: test_entry_detail_has_entry_in_context (tests.test_journal_comprehensive.JournalContextTest.test_entry_detail_has_entry_in_context)
Entry detail includes entry in context.
----------------------------------------------------------------------

############################################################
ERROR #87 - apps.journal
############################################################

======================================================================
ERROR: test_entry_list_has_entries_in_context (tests.test_journal_comprehensive.JournalContextTest.test_entry_list_has_entries_in_context)
Entry list includes entries in context.
----------------------------------------------------------------------

############################################################
ERROR #88 - apps.journal
############################################################

======================================================================
FAIL: test_user_a_sees_only_their_entries (tests.test_journal.JournalDataIsolationTest.test_user_a_sees_only_their_entries)
User A only sees their own entries.
----------------------------------------------------------------------

############################################################
ERROR #89 - apps.journal
############################################################

======================================================================
FAIL: test_user_cannot_delete_other_users_entry (tests.test_journal.JournalDataIsolationTest.test_user_cannot_delete_other_users_entry)
User A cannot delete User B's entry.
----------------------------------------------------------------------

############################################################
ERROR #90 - apps.journal
############################################################

======================================================================
FAIL: test_user_cannot_edit_other_users_entry (tests.test_journal.JournalDataIsolationTest.test_user_cannot_edit_other_users_entry)
User A cannot edit User B's entry.
----------------------------------------------------------------------

############################################################
ERROR #91 - apps.journal
############################################################

======================================================================
FAIL: test_user_cannot_view_other_users_entry (tests.test_journal.JournalDataIsolationTest.test_user_cannot_view_other_users_entry)
User A cannot view User B's entry.
----------------------------------------------------------------------

############################################################
ERROR #92 - apps.journal
############################################################

======================================================================
FAIL: test_entry_can_be_created (tests.test_journal.JournalEntryViewTest.test_entry_can_be_created)
User can create a journal entry.
----------------------------------------------------------------------

############################################################
ERROR #93 - apps.journal
############################################################

======================================================================
FAIL: test_entry_can_be_deleted (tests.test_journal.JournalEntryViewTest.test_entry_can_be_deleted)
User can delete their entry.
----------------------------------------------------------------------

############################################################
ERROR #94 - apps.journal
############################################################

======================================================================
FAIL: test_entry_can_be_updated (tests.test_journal.JournalEntryViewTest.test_entry_can_be_updated)
User can update their entry.
----------------------------------------------------------------------

############################################################
ERROR #95 - apps.journal
############################################################

======================================================================
FAIL: test_entry_create_page_loads (tests.test_journal.JournalEntryViewTest.test_entry_create_page_loads)
Entry creation page loads.
----------------------------------------------------------------------

############################################################
ERROR #96 - apps.journal
############################################################

======================================================================
FAIL: test_entry_detail_loads (tests.test_journal.JournalEntryViewTest.test_entry_detail_loads)
Entry detail page loads.
----------------------------------------------------------------------

############################################################
ERROR #97 - apps.journal
############################################################

======================================================================
FAIL: test_entry_list_loads (tests.test_journal.JournalEntryViewTest.test_entry_list_loads)
Entry list page loads for authenticated user.
----------------------------------------------------------------------

############################################################
ERROR #98 - apps.journal
############################################################

======================================================================
FAIL: test_entry_list_shows_user_entries (tests.test_journal.JournalEntryViewTest.test_entry_list_shows_user_entries)
Entry list shows the user's entries.
----------------------------------------------------------------------

############################################################
ERROR #99 - apps.journal
############################################################

======================================================================
FAIL: test_archive_entry (tests.test_journal_comprehensive.JournalArchiveTest.test_archive_entry)
Entry can be archived via view.
----------------------------------------------------------------------

############################################################
ERROR #100 - apps.journal
############################################################

======================================================================
FAIL: test_archived_entries_in_archived_list (tests.test_journal_comprehensive.JournalArchiveTest.test_archived_entries_in_archived_list)
Archived entries appear in archived list.
----------------------------------------------------------------------

############################################################
ERROR #101 - apps.journal
############################################################

======================================================================
FAIL: test_archived_entries_not_in_main_list (tests.test_journal_comprehensive.JournalArchiveTest.test_archived_entries_not_in_main_list)
Archived entries don't appear in main entry list.
----------------------------------------------------------------------

############################################################
ERROR #102 - apps.journal
############################################################

======================================================================
FAIL: test_restore_archived_entry (tests.test_journal_comprehensive.JournalArchiveTest.test_restore_archived_entry)
Archived entry can be restored.
----------------------------------------------------------------------

############################################################
ERROR #103 - apps.journal
############################################################

======================================================================
FAIL: test_user_cannot_archive_other_users_entry (tests.test_journal_comprehensive.JournalDataIsolationTest.test_user_cannot_archive_other_users_entry)
User cannot archive another user's entry.
----------------------------------------------------------------------

############################################################
ERROR #104 - apps.journal
############################################################

======================================================================
FAIL: test_user_cannot_delete_other_users_entry (tests.test_journal_comprehensive.JournalDataIsolationTest.test_user_cannot_delete_other_users_entry)
User cannot delete another user's entry.
----------------------------------------------------------------------

############################################################
ERROR #105 - apps.journal
############################################################

======================================================================
FAIL: test_user_cannot_edit_other_users_entry (tests.test_journal_comprehensive.JournalDataIsolationTest.test_user_cannot_edit_other_users_entry)
User cannot edit another user's entry.
----------------------------------------------------------------------

############################################################
ERROR #106 - apps.journal
############################################################

======================================================================
FAIL: test_user_cannot_view_other_users_entry (tests.test_journal_comprehensive.JournalDataIsolationTest.test_user_cannot_view_other_users_entry)
User cannot view another user's entry detail.
----------------------------------------------------------------------

############################################################
ERROR #107 - apps.journal
############################################################

======================================================================
FAIL: test_user_sees_only_own_entries_in_list (tests.test_journal_comprehensive.JournalDataIsolationTest.test_user_sees_only_own_entries_in_list)
User only sees their own entries in list.
----------------------------------------------------------------------

############################################################
ERROR #108 - apps.journal
############################################################

======================================================================
FAIL: test_deleted_entries_in_deleted_list (tests.test_journal_comprehensive.JournalDeleteTest.test_deleted_entries_in_deleted_list)
Deleted entries appear in deleted list.
----------------------------------------------------------------------

############################################################
ERROR #109 - apps.journal
############################################################

======================================================================
FAIL: test_deleted_entries_not_in_main_list (tests.test_journal_comprehensive.JournalDeleteTest.test_deleted_entries_not_in_main_list)
Deleted entries don't appear in main list.
----------------------------------------------------------------------

############################################################
ERROR #110 - apps.journal
############################################################

======================================================================
FAIL: test_soft_delete_entry (tests.test_journal_comprehensive.JournalDeleteTest.test_soft_delete_entry)
Entry is soft deleted (status changed, not permanently removed).
----------------------------------------------------------------------

############################################################
ERROR #111 - apps.journal
############################################################

======================================================================
FAIL: test_archived_list_empty (tests.test_journal_comprehensive.JournalEdgeCaseTest.test_archived_list_empty)
Archived list loads with no archived entries.
----------------------------------------------------------------------

############################################################
ERROR #112 - apps.journal
############################################################

======================================================================
FAIL: test_entry_list_empty (tests.test_journal_comprehensive.JournalEdgeCaseTest.test_entry_list_empty)
Entry list loads with no entries.
----------------------------------------------------------------------

############################################################
ERROR #113 - apps.journal
############################################################

======================================================================
FAIL: test_filter_by_mood (tests.test_journal_comprehensive.JournalFilterTest.test_filter_by_mood)
Can filter entries by mood.
----------------------------------------------------------------------

############################################################
ERROR #114 - apps.journal
############################################################

======================================================================
FAIL: test_search_entries (tests.test_journal_comprehensive.JournalFilterTest.test_search_entries)
Can search entries.
----------------------------------------------------------------------

############################################################
ERROR #115 - apps.journal
############################################################

======================================================================
FAIL: test_create_entry_with_valid_data (tests.test_journal_comprehensive.JournalFormTest.test_create_entry_with_valid_data)
Entry can be created with valid form data.
----------------------------------------------------------------------

############################################################
ERROR #116 - apps.journal
############################################################

======================================================================
FAIL: test_update_entry (tests.test_journal_comprehensive.JournalFormTest.test_update_entry)
Entry can be updated.
----------------------------------------------------------------------

############################################################
ERROR #117 - apps.journal
############################################################

======================================================================
FAIL: test_filter_active_prompts (tests.test_journal_comprehensive.JournalPromptModelTest.test_filter_active_prompts)
Can filter to only active prompts.
----------------------------------------------------------------------

############################################################
ERROR #118 - apps.journal
############################################################

======================================================================
FAIL: test_prompt_list_loads (tests.test_journal_comprehensive.JournalPromptViewTest.test_prompt_list_loads)
Prompt list page loads.
----------------------------------------------------------------------

############################################################
ERROR #119 - apps.journal
############################################################

======================================================================
FAIL: test_prompt_list_shows_active_prompts (tests.test_journal_comprehensive.JournalPromptViewTest.test_prompt_list_shows_active_prompts)
Prompt list shows active prompts.
----------------------------------------------------------------------

############################################################
ERROR #120 - apps.journal
############################################################

======================================================================
FAIL: test_random_prompt_returns_html (tests.test_journal_comprehensive.JournalPromptViewTest.test_random_prompt_returns_html)
Random prompt endpoint returns HTML.
----------------------------------------------------------------------

############################################################
ERROR #121 - apps.journal
############################################################

======================================================================
FAIL: test_create_tag (tests.test_journal_comprehensive.JournalTagTest.test_create_tag)
User can create a tag.
----------------------------------------------------------------------

############################################################
ERROR #122 - apps.journal
############################################################

======================================================================
FAIL: test_tag_list_loads (tests.test_journal_comprehensive.JournalTagTest.test_tag_list_loads)
Tag list page loads.
----------------------------------------------------------------------

############################################################
ERROR #123 - apps.journal
############################################################

======================================================================
FAIL: test_user_sees_only_own_tags (tests.test_journal_comprehensive.JournalTagTest.test_user_sees_only_own_tags)
User only sees their own tags.
----------------------------------------------------------------------

############################################################
ERROR #124 - apps.journal
############################################################

======================================================================
FAIL: test_archived_list_loads (tests.test_journal_comprehensive.JournalViewBasicTest.test_archived_list_loads)
Archived entries list loads.
----------------------------------------------------------------------

############################################################
ERROR #125 - apps.journal
############################################################

======================================================================
FAIL: test_book_view_loads (tests.test_journal_comprehensive.JournalViewBasicTest.test_book_view_loads)
Book view loads.
----------------------------------------------------------------------

############################################################
ERROR #126 - apps.journal
############################################################

======================================================================
FAIL: test_deleted_list_loads (tests.test_journal_comprehensive.JournalViewBasicTest.test_deleted_list_loads)
Deleted entries list loads.
----------------------------------------------------------------------

############################################################
ERROR #127 - apps.journal
############################################################

======================================================================
FAIL: test_entry_create_loads (tests.test_journal_comprehensive.JournalViewBasicTest.test_entry_create_loads)
Entry create page loads.
----------------------------------------------------------------------

############################################################
ERROR #128 - apps.journal
############################################################

======================================================================
FAIL: test_entry_detail_loads (tests.test_journal_comprehensive.JournalViewBasicTest.test_entry_detail_loads)
Entry detail page loads.
----------------------------------------------------------------------

############################################################
ERROR #129 - apps.journal
############################################################

======================================================================
FAIL: test_entry_list_loads (tests.test_journal_comprehensive.JournalViewBasicTest.test_entry_list_loads)
Entry list loads for authenticated user.
----------------------------------------------------------------------

############################################################
ERROR #130 - apps.journal
############################################################

======================================================================
FAIL: test_entry_update_loads (tests.test_journal_comprehensive.JournalViewBasicTest.test_entry_update_loads)
Entry update page loads.
----------------------------------------------------------------------

############################################################
ERROR #131 - apps.journal
############################################################

======================================================================
FAIL: test_page_view_loads (tests.test_journal_comprehensive.JournalViewBasicTest.test_page_view_loads)
Page view loads.
----------------------------------------------------------------------

############################################################
ERROR #132 - apps.journal
############################################################

Traceback (most recent call last):
  File "C:\Users\danny\.claude-worktrees\dbawholelifejourney\serene-ellis\apps\journal\tests\test_journal_comprehensive.py", line 736, in test_create_view_has_form_in_context
    self.assertIn('form', response.context)
    ~~~~~~~~~~~~~^^^^^^^^^^^^^^^^^^^^^^^^^^
  File "C:\Users\danny\AppData\Local\Programs\Python\Python314\Lib\unittest\case.py", line 1189, in assertIn
    if member not in container:
       ^^^^^^^^^^^^^^^^^^^^^^^
TypeError: argument of type 'NoneType' is not a container or iterable

############################################################
ERROR #133 - apps.journal
############################################################

Traceback (most recent call last):
  File "C:\Users\danny\.claude-worktrees\dbawholelifejourney\serene-ellis\apps\journal\tests\test_journal_comprehensive.py", line 730, in test_entry_detail_has_entry_in_context
    self.assertEqual(response.context['object'], entry)
                     ~~~~~~~~~~~~~~~~^^^^^^^^^^
TypeError: 'NoneType' object is not subscriptable

############################################################
ERROR #134 - apps.journal
############################################################

Traceback (most recent call last):
  File "C:\Users\danny\.claude-worktrees\dbawholelifejourney\serene-ellis\apps\journal\tests\test_journal_comprehensive.py", line 720, in test_entry_list_has_entries_in_context
    self.assertIn('entries', response.context)
    ~~~~~~~~~~~~~^^^^^^^^^^^^^^^^^^^^^^^^^^^^^
  File "C:\Users\danny\AppData\Local\Programs\Python\Python314\Lib\unittest\case.py", line 1189, in assertIn
    if member not in container:
       ^^^^^^^^^^^^^^^^^^^^^^^
TypeError: argument of type 'NoneType' is not a container or iterable

############################################################
ERROR #135 - apps.journal
############################################################

Traceback (most recent call last):
  File "C:\Users\danny\.claude-worktrees\dbawholelifejourney\serene-ellis\apps\journal\tests\test_journal.py", line 258, in test_user_a_sees_only_their_entries
    self.assertContains(response, 'User A Entry')
    ~~~~~~~~~~~~~~~~~~~^^^^^^^^^^^^^^^^^^^^^^^^^^
AssertionError: 302 != 200 : Couldn't retrieve content: Response code was 302 (expected 200)

############################################################
ERROR #136 - apps.journal
############################################################

Traceback (most recent call last):
  File "C:\Users\danny\.claude-worktrees\dbawholelifejourney\serene-ellis\apps\journal\tests\test_journal.py", line 283, in test_user_cannot_delete_other_users_entry
    self.assertEqual(response.status_code, 404)
    ~~~~~~~~~~~~~~~~^^^^^^^^^^^^^^^^^^^^^^^^^^^
AssertionError: 302 != 404

############################################################
ERROR #137 - apps.journal
############################################################

Traceback (most recent call last):
  File "C:\Users\danny\.claude-worktrees\dbawholelifejourney\serene-ellis\apps\journal\tests\test_journal.py", line 275, in test_user_cannot_edit_other_users_entry
    self.assertEqual(response.status_code, 404)
    ~~~~~~~~~~~~~~~~^^^^^^^^^^^^^^^^^^^^^^^^^^^
AssertionError: 302 != 404

############################################################
ERROR #138 - apps.journal
############################################################

Traceback (most recent call last):
  File "C:\Users\danny\.claude-worktrees\dbawholelifejourney\serene-ellis\apps\journal\tests\test_journal.py", line 267, in test_user_cannot_view_other_users_entry
    self.assertEqual(response.status_code, 404)
    ~~~~~~~~~~~~~~~~^^^^^^^^^^^^^^^^^^^^^^^^^^^
AssertionError: 302 != 404

############################################################
ERROR #139 - apps.journal
############################################################

Traceback (most recent call last):
  File "C:\Users\danny\.claude-worktrees\dbawholelifejourney\serene-ellis\apps\journal\tests\test_journal.py", line 159, in test_entry_can_be_created
    self.assertTrue(entry_exists)
    ~~~~~~~~~~~~~~~^^^^^^^^^^^^^^
AssertionError: False is not true

############################################################
ERROR #140 - apps.journal
############################################################

Traceback (most recent call last):
  File "C:\Users\danny\.claude-worktrees\dbawholelifejourney\serene-ellis\apps\journal\tests\test_journal.py", line 209, in test_entry_can_be_deleted
    self.assertFalse(JournalEntry.objects.filter(pk=entry.pk).exists())
    ~~~~~~~~~~~~~~~~^^^^^^^^^^^^^^^^^^^^^^^^^^^^^^^^^^^^^^^^^^^^^^^^^^^
AssertionError: True is not false

############################################################
ERROR #141 - apps.journal
############################################################

Traceback (most recent call last):
  File "C:\Users\danny\.claude-worktrees\dbawholelifejourney\serene-ellis\apps\journal\tests\test_journal.py", line 194, in test_entry_can_be_updated
    self.assertEqual(entry.title, 'Updated Title')
    ~~~~~~~~~~~~~~~~^^^^^^^^^^^^^^^^^^^^^^^^^^^^^^
AssertionError: 'Original Title' != 'Updated Title'
- Original Title
+ Updated Title

############################################################
ERROR #142 - apps.journal
############################################################

Traceback (most recent call last):
  File "C:\Users\danny\.claude-worktrees\dbawholelifejourney\serene-ellis\apps\journal\tests\test_journal.py", line 147, in test_entry_create_page_loads
    self.assertEqual(response.status_code, 200)
    ~~~~~~~~~~~~~~~~^^^^^^^^^^^^^^^^^^^^^^^^^^^
AssertionError: 302 != 200

############################################################
ERROR #143 - apps.journal
############################################################

Traceback (most recent call last):
  File "C:\Users\danny\.claude-worktrees\dbawholelifejourney\serene-ellis\apps\journal\tests\test_journal.py", line 172, in test_entry_detail_loads
    self.assertEqual(response.status_code, 200)
    ~~~~~~~~~~~~~~~~^^^^^^^^^^^^^^^^^^^^^^^^^^^
AssertionError: 302 != 200

############################################################
ERROR #144 - apps.journal
############################################################

Traceback (most recent call last):
  File "C:\Users\danny\.claude-worktrees\dbawholelifejourney\serene-ellis\apps\journal\tests\test_journal.py", line 131, in test_entry_list_loads
    self.assertEqual(response.status_code, 200)
    ~~~~~~~~~~~~~~~~^^^^^^^^^^^^^^^^^^^^^^^^^^^
AssertionError: 302 != 200

############################################################
ERROR #145 - apps.journal
############################################################

Traceback (most recent call last):
  File "C:\Users\danny\.claude-worktrees\dbawholelifejourney\serene-ellis\apps\journal\tests\test_journal.py", line 142, in test_entry_list_shows_user_entries
    self.assertContains(response, 'My Entry')
    ~~~~~~~~~~~~~~~~~~~^^^^^^^^^^^^^^^^^^^^^^
AssertionError: 302 != 200 : Couldn't retrieve content: Response code was 302 (expected 200)

############################################################
ERROR #146 - apps.journal
############################################################

Traceback (most recent call last):
  File "C:\Users\danny\.claude-worktrees\dbawholelifejourney\serene-ellis\apps\journal\tests\test_journal_comprehensive.py", line 437, in test_archive_entry
    self.assertEqual(entry.status, 'archived')
    ~~~~~~~~~~~~~~~~^^^^^^^^^^^^^^^^^^^^^^^^^^
AssertionError: 'active' != 'archived'
- active
?   ^
+ archived
?  + ^   +

############################################################
ERROR #147 - apps.journal
############################################################

Traceback (most recent call last):
  File "C:\Users\danny\.claude-worktrees\dbawholelifejourney\serene-ellis\apps\journal\tests\test_journal_comprehensive.py", line 474, in test_archived_entries_in_archived_list
    self.assertContains(response, 'Archived Entry')
    ~~~~~~~~~~~~~~~~~~~^^^^^^^^^^^^^^^^^^^^^^^^^^^^
AssertionError: 302 != 200 : Couldn't retrieve content: Response code was 302 (expected 200)

############################################################
ERROR #148 - apps.journal
############################################################

Traceback (most recent call last):
  File "C:\Users\danny\.claude-worktrees\dbawholelifejourney\serene-ellis\apps\journal\tests\test_journal_comprehensive.py", line 462, in test_archived_entries_not_in_main_list
    self.assertContains(response, 'UniqueActiveTitle123')
    ~~~~~~~~~~~~~~~~~~~^^^^^^^^^^^^^^^^^^^^^^^^^^^^^^^^^^
AssertionError: 302 != 200 : Couldn't retrieve content: Response code was 302 (expected 200)

############################################################
ERROR #149 - apps.journal
############################################################

Traceback (most recent call last):
  File "C:\Users\danny\.claude-worktrees\dbawholelifejourney\serene-ellis\apps\journal\tests\test_journal_comprehensive.py", line 450, in test_restore_archived_entry
    self.assertEqual(entry.status, 'active')
    ~~~~~~~~~~~~~~~~^^^^^^^^^^^^^^^^^^^^^^^^
AssertionError: 'archived' != 'active'
- archived
?  - ^   -
+ active
?   ^

############################################################
ERROR #150 - apps.journal
############################################################

Traceback (most recent call last):
  File "C:\Users\danny\.claude-worktrees\dbawholelifejourney\serene-ellis\apps\journal\tests\test_journal_comprehensive.py", line 577, in test_user_cannot_archive_other_users_entry
    self.assertEqual(response.status_code, 404)
    ~~~~~~~~~~~~~~~~^^^^^^^^^^^^^^^^^^^^^^^^^^^
AssertionError: 302 != 404

############################################################
ERROR #151 - apps.journal
############################################################

Traceback (most recent call last):
  File "C:\Users\danny\.claude-worktrees\dbawholelifejourney\serene-ellis\apps\journal\tests\test_journal_comprehensive.py", line 566, in test_user_cannot_delete_other_users_entry
    self.assertEqual(response.status_code, 404)
    ~~~~~~~~~~~~~~~~^^^^^^^^^^^^^^^^^^^^^^^^^^^
AssertionError: 302 != 404

############################################################
ERROR #152 - apps.journal
############################################################

Traceback (most recent call last):
  File "C:\Users\danny\.claude-worktrees\dbawholelifejourney\serene-ellis\apps\journal\tests\test_journal_comprehensive.py", line 558, in test_user_cannot_edit_other_users_entry
    self.assertEqual(response.status_code, 404)
    ~~~~~~~~~~~~~~~~^^^^^^^^^^^^^^^^^^^^^^^^^^^
AssertionError: 302 != 404

############################################################
ERROR #153 - apps.journal
############################################################

Traceback (most recent call last):
  File "C:\Users\danny\.claude-worktrees\dbawholelifejourney\serene-ellis\apps\journal\tests\test_journal_comprehensive.py", line 550, in test_user_cannot_view_other_users_entry
    self.assertEqual(response.status_code, 404)
    ~~~~~~~~~~~~~~~~^^^^^^^^^^^^^^^^^^^^^^^^^^^
AssertionError: 302 != 404

############################################################
ERROR #154 - apps.journal
############################################################

Traceback (most recent call last):
  File "C:\Users\danny\.claude-worktrees\dbawholelifejourney\serene-ellis\apps\journal\tests\test_journal_comprehensive.py", line 541, in test_user_sees_only_own_entries_in_list
    self.assertContains(response, 'User A Entry')
    ~~~~~~~~~~~~~~~~~~~^^^^^^^^^^^^^^^^^^^^^^^^^^
AssertionError: 302 != 200 : Couldn't retrieve content: Response code was 302 (expected 200)

############################################################
ERROR #155 - apps.journal
############################################################

Traceback (most recent call last):
  File "C:\Users\danny\.claude-worktrees\dbawholelifejourney\serene-ellis\apps\journal\tests\test_journal_comprehensive.py", line 506, in test_deleted_entries_in_deleted_list
    self.assertContains(response, 'Deleted Entry')
    ~~~~~~~~~~~~~~~~~~~^^^^^^^^^^^^^^^^^^^^^^^^^^^
AssertionError: 302 != 200 : Couldn't retrieve content: Response code was 302 (expected 200)

############################################################
ERROR #156 - apps.journal
############################################################

Traceback (most recent call last):
  File "C:\Users\danny\.claude-worktrees\dbawholelifejourney\serene-ellis\apps\journal\tests\test_journal_comprehensive.py", line 517, in test_deleted_entries_not_in_main_list
    self.assertContains(response, 'Active')
    ~~~~~~~~~~~~~~~~~~~^^^^^^^^^^^^^^^^^^^^
AssertionError: 302 != 200 : Couldn't retrieve content: Response code was 302 (expected 200)

############################################################
ERROR #157 - apps.journal
############################################################

Traceback (most recent call last):
  File "C:\Users\danny\.claude-worktrees\dbawholelifejourney\serene-ellis\apps\journal\tests\test_journal_comprehensive.py", line 496, in test_soft_delete_entry
    self.assertEqual(entry.status, 'deleted')
    ~~~~~~~~~~~~~~~~^^^^^^^^^^^^^^^^^^^^^^^^^
AssertionError: 'active' != 'deleted'
- active
+ deleted

############################################################
ERROR #158 - apps.journal
############################################################

Traceback (most recent call last):
  File "C:\Users\danny\.claude-worktrees\dbawholelifejourney\serene-ellis\apps\journal\tests\test_journal_comprehensive.py", line 383, in test_archived_list_empty
    self.assertEqual(response.status_code, 200)
    ~~~~~~~~~~~~~~~~^^^^^^^^^^^^^^^^^^^^^^^^^^^
AssertionError: 302 != 200

############################################################
ERROR #159 - apps.journal
############################################################

Traceback (most recent call last):
  File "C:\Users\danny\.claude-worktrees\dbawholelifejourney\serene-ellis\apps\journal\tests\test_journal_comprehensive.py", line 378, in test_entry_list_empty
    self.assertEqual(response.status_code, 200)
    ~~~~~~~~~~~~~~~~^^^^^^^^^^^^^^^^^^^^^^^^^^^
AssertionError: 302 != 200

############################################################
ERROR #160 - apps.journal
############################################################

Traceback (most recent call last):
  File "C:\Users\danny\.claude-worktrees\dbawholelifejourney\serene-ellis\apps\journal\tests\test_journal_comprehensive.py", line 690, in test_filter_by_mood
    self.assertEqual(response.status_code, 200)
    ~~~~~~~~~~~~~~~~^^^^^^^^^^^^^^^^^^^^^^^^^^^
AssertionError: 302 != 200

############################################################
ERROR #161 - apps.journal
############################################################

Traceback (most recent call last):
  File "C:\Users\danny\.claude-worktrees\dbawholelifejourney\serene-ellis\apps\journal\tests\test_journal_comprehensive.py", line 699, in test_search_entries
    self.assertEqual(response.status_code, 200)
    ~~~~~~~~~~~~~~~~^^^^^^^^^^^^^^^^^^^^^^^^^^^
AssertionError: 302 != 200

############################################################
ERROR #162 - apps.journal
############################################################

Traceback (most recent call last):
  File "C:\Users\danny\.claude-worktrees\dbawholelifejourney\serene-ellis\apps\journal\tests\test_journal_comprehensive.py", line 319, in test_create_entry_with_valid_data
    self.assertTrue(
    ~~~~~~~~~~~~~~~^
        JournalEntry.objects.filter(title='New Entry').exists()
        ^^^^^^^^^^^^^^^^^^^^^^^^^^^^^^^^^^^^^^^^^^^^^^^^^^^^^^^
    )
    ^
AssertionError: False is not true

############################################################
ERROR #163 - apps.journal
############################################################

Traceback (most recent call last):
  File "C:\Users\danny\.claude-worktrees\dbawholelifejourney\serene-ellis\apps\journal\tests\test_journal_comprehensive.py", line 360, in test_update_entry
    self.assertEqual(entry.title, 'Updated Title')
    ~~~~~~~~~~~~~~~~^^^^^^^^^^^^^^^^^^^^^^^^^^^^^^
AssertionError: 'Original' != 'Updated Title'
- Original
+ Updated Title

############################################################
ERROR #164 - apps.journal
############################################################

Traceback (most recent call last):
  File "C:\Users\danny\.claude-worktrees\dbawholelifejourney\serene-ellis\apps\journal\tests\test_journal_comprehensive.py", line 206, in test_filter_active_prompts
    self.assertEqual(active.count(), 1)
    ~~~~~~~~~~~~~~~~^^^^^^^^^^^^^^^^^^^
AssertionError: 21 != 1

############################################################
ERROR #165 - apps.journal
############################################################

Traceback (most recent call last):
  File "C:\Users\danny\.claude-worktrees\dbawholelifejourney\serene-ellis\apps\journal\tests\test_journal_comprehensive.py", line 595, in test_prompt_list_loads
    self.assertEqual(response.status_code, 200)
    ~~~~~~~~~~~~~~~~^^^^^^^^^^^^^^^^^^^^^^^^^^^
AssertionError: 302 != 200

############################################################
ERROR #166 - apps.journal
############################################################

Traceback (most recent call last):
  File "C:\Users\danny\.claude-worktrees\dbawholelifejourney\serene-ellis\apps\journal\tests\test_journal_comprehensive.py", line 610, in test_prompt_list_shows_active_prompts
    self.assertContains(response, 'Active prompt')
    ~~~~~~~~~~~~~~~~~~~^^^^^^^^^^^^^^^^^^^^^^^^^^^
AssertionError: 302 != 200 : Couldn't retrieve content: Response code was 302 (expected 200)

############################################################
ERROR #167 - apps.journal
############################################################

Traceback (most recent call last):
  File "C:\Users\danny\.claude-worktrees\dbawholelifejourney\serene-ellis\apps\journal\tests\test_journal_comprehensive.py", line 621, in test_random_prompt_returns_html
    self.assertEqual(response.status_code, 200)
    ~~~~~~~~~~~~~~~~^^^^^^^^^^^^^^^^^^^^^^^^^^^
AssertionError: 302 != 200

############################################################
ERROR #168 - apps.journal
############################################################

Traceback (most recent call last):
  File "C:\Users\danny\.claude-worktrees\dbawholelifejourney\serene-ellis\apps\journal\tests\test_journal_comprehensive.py", line 648, in test_create_tag
    self.assertTrue(
    ~~~~~~~~~~~~~~~^
        Tag.objects.filter(user=self.user, name='Personal').exists()
        ^^^^^^^^^^^^^^^^^^^^^^^^^^^^^^^^^^^^^^^^^^^^^^^^^^^^^^^^^^^^
    )
    ^
AssertionError: False is not true

############################################################
ERROR #169 - apps.journal
############################################################

Traceback (most recent call last):
  File "C:\Users\danny\.claude-worktrees\dbawholelifejourney\serene-ellis\apps\journal\tests\test_journal_comprehensive.py", line 639, in test_tag_list_loads
    self.assertEqual(response.status_code, 200)
    ~~~~~~~~~~~~~~~~^^^^^^^^^^^^^^^^^^^^^^^^^^^
AssertionError: 302 != 200

############################################################
ERROR #170 - apps.journal
############################################################

Traceback (most recent call last):
  File "C:\Users\danny\.claude-worktrees\dbawholelifejourney\serene-ellis\apps\journal\tests\test_journal_comprehensive.py", line 660, in test_user_sees_only_own_tags
    self.assertContains(response, 'My Tag')
    ~~~~~~~~~~~~~~~~~~~^^^^^^^^^^^^^^^^^^^^
AssertionError: 302 != 200 : Couldn't retrieve content: Response code was 302 (expected 200)

############################################################
ERROR #171 - apps.journal
############################################################

Traceback (most recent call last):
  File "C:\Users\danny\.claude-worktrees\dbawholelifejourney\serene-ellis\apps\journal\tests\test_journal_comprehensive.py", line 290, in test_archived_list_loads
    self.assertEqual(response.status_code, 200)
    ~~~~~~~~~~~~~~~~^^^^^^^^^^^^^^^^^^^^^^^^^^^
AssertionError: 302 != 200

############################################################
ERROR #172 - apps.journal
############################################################

Traceback (most recent call last):
  File "C:\Users\danny\.claude-worktrees\dbawholelifejourney\serene-ellis\apps\journal\tests\test_journal_comprehensive.py", line 284, in test_book_view_loads
    self.assertEqual(response.status_code, 200)
    ~~~~~~~~~~~~~~~~^^^^^^^^^^^^^^^^^^^^^^^^^^^
AssertionError: 302 != 200

############################################################
ERROR #173 - apps.journal
############################################################

Traceback (most recent call last):
  File "C:\Users\danny\.claude-worktrees\dbawholelifejourney\serene-ellis\apps\journal\tests\test_journal_comprehensive.py", line 296, in test_deleted_list_loads
    self.assertEqual(response.status_code, 200)
    ~~~~~~~~~~~~~~~~^^^^^^^^^^^^^^^^^^^^^^^^^^^
AssertionError: 302 != 200

############################################################
ERROR #174 - apps.journal
############################################################

Traceback (most recent call last):
  File "C:\Users\danny\.claude-worktrees\dbawholelifejourney\serene-ellis\apps\journal\tests\test_journal_comprehensive.py", line 252, in test_entry_create_loads
    self.assertEqual(response.status_code, 200)
    ~~~~~~~~~~~~~~~~^^^^^^^^^^^^^^^^^^^^^^^^^^^
AssertionError: 302 != 200

############################################################
ERROR #175 - apps.journal
############################################################

Traceback (most recent call last):
  File "C:\Users\danny\.claude-worktrees\dbawholelifejourney\serene-ellis\apps\journal\tests\test_journal_comprehensive.py", line 261, in test_entry_detail_loads
    self.assertEqual(response.status_code, 200)
    ~~~~~~~~~~~~~~~~^^^^^^^^^^^^^^^^^^^^^^^^^^^
AssertionError: 302 != 200

############################################################
ERROR #176 - apps.journal
############################################################

Traceback (most recent call last):
  File "C:\Users\danny\.claude-worktrees\dbawholelifejourney\serene-ellis\apps\journal\tests\test_journal_comprehensive.py", line 246, in test_entry_list_loads
    self.assertEqual(response.status_code, 200)
    ~~~~~~~~~~~~~~~~^^^^^^^^^^^^^^^^^^^^^^^^^^^
AssertionError: 302 != 200

############################################################
ERROR #177 - apps.journal
############################################################

Traceback (most recent call last):
  File "C:\Users\danny\.claude-worktrees\dbawholelifejourney\serene-ellis\apps\journal\tests\test_journal_comprehensive.py", line 270, in test_entry_update_loads
    self.assertEqual(response.status_code, 200)
    ~~~~~~~~~~~~~~~~^^^^^^^^^^^^^^^^^^^^^^^^^^^
AssertionError: 302 != 200

############################################################
ERROR #178 - apps.journal
############################################################

Traceback (most recent call last):
  File "C:\Users\danny\.claude-worktrees\dbawholelifejourney\serene-ellis\apps\journal\tests\test_journal_comprehensive.py", line 278, in test_page_view_loads
    self.assertEqual(response.status_code, 200)
    ~~~~~~~~~~~~~~~~^^^^^^^^^^^^^^^^^^^^^^^^^^^
AssertionError: 302 != 200

############################################################
ERROR #179 - apps.faith
############################################################

======================================================================
ERROR: test_milestone_list_has_milestones (tests.test_faith_comprehensive.FaithContextTest.test_milestone_list_has_milestones)
Milestone list includes milestones in context.
----------------------------------------------------------------------

############################################################
ERROR #180 - apps.faith
############################################################

======================================================================
ERROR: test_prayer_create_has_form (tests.test_faith_comprehensive.FaithContextTest.test_prayer_create_has_form)
Prayer create includes form in context.
----------------------------------------------------------------------

############################################################
ERROR #181 - apps.faith
############################################################

======================================================================
ERROR: test_prayer_list_has_prayers (tests.test_faith_comprehensive.FaithContextTest.test_prayer_list_has_prayers)
Prayer list includes prayers in context.
----------------------------------------------------------------------

############################################################
ERROR #182 - apps.faith
############################################################

======================================================================
FAIL: test_user_a_sees_only_their_prayers (tests.test_faith.FaithDataIsolationTest.test_user_a_sees_only_their_prayers)
User A only sees their own prayers.
----------------------------------------------------------------------

############################################################
ERROR #183 - apps.faith
############################################################

======================================================================
FAIL: test_user_cannot_edit_other_users_prayer (tests.test_faith.FaithDataIsolationTest.test_user_cannot_edit_other_users_prayer)
User A cannot edit User B's prayer.
----------------------------------------------------------------------

############################################################
ERROR #184 - apps.faith
############################################################

======================================================================
FAIL: test_faith_home_loads (tests.test_faith.FaithViewTest.test_faith_home_loads)
Faith home page loads for authenticated user.
----------------------------------------------------------------------

############################################################
ERROR #185 - apps.faith
############################################################

======================================================================
FAIL: test_milestone_list_loads (tests.test_faith.FaithViewTest.test_milestone_list_loads)
Milestone list page loads.
----------------------------------------------------------------------

############################################################
ERROR #186 - apps.faith
############################################################

======================================================================
FAIL: test_prayer_list_loads (tests.test_faith.FaithViewTest.test_prayer_list_loads)
Prayer list page loads.
----------------------------------------------------------------------

############################################################
ERROR #187 - apps.faith
############################################################

======================================================================
FAIL: test_user_cannot_delete_other_users_prayer (tests.test_faith_comprehensive.FaithDataIsolationTest.test_user_cannot_delete_other_users_prayer)
User cannot delete another user's prayer.
----------------------------------------------------------------------

############################################################
ERROR #188 - apps.faith
############################################################

======================================================================
FAIL: test_user_cannot_edit_other_users_milestone (tests.test_faith_comprehensive.FaithDataIsolationTest.test_user_cannot_edit_other_users_milestone)
User cannot edit another user's milestone.
----------------------------------------------------------------------

############################################################
ERROR #189 - apps.faith
############################################################

======================================================================
FAIL: test_user_cannot_edit_other_users_prayer (tests.test_faith_comprehensive.FaithDataIsolationTest.test_user_cannot_edit_other_users_prayer)
User cannot edit another user's prayer.
----------------------------------------------------------------------

############################################################
ERROR #190 - apps.faith
############################################################

======================================================================
FAIL: test_user_cannot_view_other_users_prayer (tests.test_faith_comprehensive.FaithDataIsolationTest.test_user_cannot_view_other_users_prayer)
User cannot view another user's prayer detail.
----------------------------------------------------------------------

############################################################
ERROR #191 - apps.faith
############################################################

======================================================================
FAIL: test_user_sees_only_own_milestones (tests.test_faith_comprehensive.FaithDataIsolationTest.test_user_sees_only_own_milestones)
User only sees their own milestones.
----------------------------------------------------------------------

############################################################
ERROR #192 - apps.faith
############################################################

======================================================================
FAIL: test_user_sees_only_own_prayers (tests.test_faith_comprehensive.FaithDataIsolationTest.test_user_sees_only_own_prayers)
User only sees their own prayers.
----------------------------------------------------------------------

############################################################
ERROR #193 - apps.faith
############################################################

======================================================================
FAIL: test_milestone_list_empty (tests.test_faith_comprehensive.FaithEdgeCaseTest.test_milestone_list_empty)
Milestone list loads with no milestones.
----------------------------------------------------------------------

############################################################
ERROR #194 - apps.faith
############################################################

======================================================================
FAIL: test_prayer_list_empty (tests.test_faith_comprehensive.FaithEdgeCaseTest.test_prayer_list_empty)
Prayer list loads with no prayers.
----------------------------------------------------------------------

############################################################
ERROR #195 - apps.faith
############################################################

======================================================================
FAIL: test_create_milestone_with_valid_data (tests.test_faith_comprehensive.FaithFormTest.test_create_milestone_with_valid_data)
Milestone can be created with valid data.
----------------------------------------------------------------------

############################################################
ERROR #196 - apps.faith
############################################################

======================================================================
FAIL: test_create_prayer_with_valid_data (tests.test_faith_comprehensive.FaithFormTest.test_create_prayer_with_valid_data)
Prayer can be created with valid data.
----------------------------------------------------------------------

############################################################
ERROR #197 - apps.faith
############################################################

======================================================================
FAIL: test_update_prayer (tests.test_faith_comprehensive.FaithFormTest.test_update_prayer)
Prayer can be updated.
----------------------------------------------------------------------

############################################################
ERROR #198 - apps.faith
############################################################

======================================================================
FAIL: test_faith_home_loads (tests.test_faith_comprehensive.FaithViewBasicTest.test_faith_home_loads)
Faith home loads for authenticated user.
----------------------------------------------------------------------

############################################################
ERROR #199 - apps.faith
############################################################

======================================================================
FAIL: test_milestone_create_loads (tests.test_faith_comprehensive.FaithViewBasicTest.test_milestone_create_loads)
Milestone create page loads.
----------------------------------------------------------------------

############################################################
ERROR #200 - apps.faith
############################################################

======================================================================
FAIL: test_milestone_list_loads (tests.test_faith_comprehensive.FaithViewBasicTest.test_milestone_list_loads)
Milestone list page loads.
----------------------------------------------------------------------

############################################################
ERROR #201 - apps.faith
############################################################

======================================================================
FAIL: test_prayer_create_loads (tests.test_faith_comprehensive.FaithViewBasicTest.test_prayer_create_loads)
Prayer create page loads.
----------------------------------------------------------------------

############################################################
ERROR #202 - apps.faith
############################################################

======================================================================
FAIL: test_prayer_list_loads (tests.test_faith_comprehensive.FaithViewBasicTest.test_prayer_list_loads)
Prayer list page loads.
----------------------------------------------------------------------

############################################################
ERROR #203 - apps.faith
############################################################

Traceback (most recent call last):
  File "C:\Users\danny\.claude-worktrees\dbawholelifejourney\serene-ellis\apps\faith\tests\test_faith_comprehensive.py", line 636, in test_milestone_list_has_milestones
    'object_list' in response.context or 'milestones' in response.context
    ^^^^^^^^^^^^^^^^^^^^^^^^^^^^^^^^^
TypeError: argument of type 'NoneType' is not a container or iterable

############################################################
ERROR #204 - apps.faith
############################################################

Traceback (most recent call last):
  File "C:\Users\danny\.claude-worktrees\dbawholelifejourney\serene-ellis\apps\faith\tests\test_faith_comprehensive.py", line 643, in test_prayer_create_has_form
    self.assertIn('form', response.context)
    ~~~~~~~~~~~~~^^^^^^^^^^^^^^^^^^^^^^^^^^
  File "C:\Users\danny\AppData\Local\Programs\Python\Python314\Lib\unittest\case.py", line 1189, in assertIn
    if member not in container:
       ^^^^^^^^^^^^^^^^^^^^^^^
TypeError: argument of type 'NoneType' is not a container or iterable

############################################################
ERROR #205 - apps.faith
############################################################

Traceback (most recent call last):
  File "C:\Users\danny\.claude-worktrees\dbawholelifejourney\serene-ellis\apps\faith\tests\test_faith_comprehensive.py", line 626, in test_prayer_list_has_prayers
    'object_list' in response.context or 'prayers' in response.context
    ^^^^^^^^^^^^^^^^^^^^^^^^^^^^^^^^^
TypeError: argument of type 'NoneType' is not a container or iterable

############################################################
ERROR #206 - apps.faith
############################################################

Traceback (most recent call last):
  File "C:\Users\danny\.claude-worktrees\dbawholelifejourney\serene-ellis\apps\faith\tests\test_faith.py", line 241, in test_user_a_sees_only_their_prayers
    self.assertContains(response, 'User A Prayer')
    ~~~~~~~~~~~~~~~~~~~^^^^^^^^^^^^^^^^^^^^^^^^^^^
AssertionError: 302 != 200 : Couldn't retrieve content: Response code was 302 (expected 200)

############################################################
ERROR #207 - apps.faith
############################################################

Traceback (most recent call last):
  File "C:\Users\danny\.claude-worktrees\dbawholelifejourney\serene-ellis\apps\faith\tests\test_faith.py", line 250, in test_user_cannot_edit_other_users_prayer
    self.assertEqual(response.status_code, 404)
    ~~~~~~~~~~~~~~~~^^^^^^^^^^^^^^^^^^^^^^^^^^^
AssertionError: 302 != 404

############################################################
ERROR #208 - apps.faith
############################################################

Traceback (most recent call last):
  File "C:\Users\danny\.claude-worktrees\dbawholelifejourney\serene-ellis\apps\faith\tests\test_faith.py", line 167, in test_faith_home_loads
    self.assertEqual(response.status_code, 200)
    ~~~~~~~~~~~~~~~~^^^^^^^^^^^^^^^^^^^^^^^^^^^
AssertionError: 302 != 200

############################################################
ERROR #209 - apps.faith
############################################################

Traceback (most recent call last):
  File "C:\Users\danny\.claude-worktrees\dbawholelifejourney\serene-ellis\apps\faith\tests\test_faith.py", line 194, in test_milestone_list_loads
    self.assertEqual(response.status_code, 200)
    ~~~~~~~~~~~~~~~~^^^^^^^^^^^^^^^^^^^^^^^^^^^
AssertionError: 302 != 200

############################################################
ERROR #210 - apps.faith
############################################################

Traceback (most recent call last):
  File "C:\Users\danny\.claude-worktrees\dbawholelifejourney\serene-ellis\apps\faith\tests\test_faith.py", line 173, in test_prayer_list_loads
    self.assertEqual(response.status_code, 200)
    ~~~~~~~~~~~~~~~~^^^^^^^^^^^^^^^^^^^^^^^^^^^
AssertionError: 302 != 200

############################################################
ERROR #211 - apps.faith
############################################################

Traceback (most recent call last):
  File "C:\Users\danny\.claude-worktrees\dbawholelifejourney\serene-ellis\apps\faith\tests\test_faith_comprehensive.py", line 594, in test_user_cannot_delete_other_users_prayer
    self.assertEqual(response.status_code, 404)
    ~~~~~~~~~~~~~~~~^^^^^^^^^^^^^^^^^^^^^^^^^^^
AssertionError: 302 != 404

############################################################
ERROR #212 - apps.faith
############################################################

Traceback (most recent call last):
  File "C:\Users\danny\.claude-worktrees\dbawholelifejourney\serene-ellis\apps\faith\tests\test_faith_comprehensive.py", line 603, in test_user_cannot_edit_other_users_milestone
    self.assertEqual(response.status_code, 404)
    ~~~~~~~~~~~~~~~~^^^^^^^^^^^^^^^^^^^^^^^^^^^
AssertionError: 302 != 404

############################################################
ERROR #213 - apps.faith
############################################################

Traceback (most recent call last):
  File "C:\Users\danny\.claude-worktrees\dbawholelifejourney\serene-ellis\apps\faith\tests\test_faith_comprehensive.py", line 586, in test_user_cannot_edit_other_users_prayer
    self.assertEqual(response.status_code, 404)
    ~~~~~~~~~~~~~~~~^^^^^^^^^^^^^^^^^^^^^^^^^^^
AssertionError: 302 != 404

############################################################
ERROR #214 - apps.faith
############################################################

Traceback (most recent call last):
  File "C:\Users\danny\.claude-worktrees\dbawholelifejourney\serene-ellis\apps\faith\tests\test_faith_comprehensive.py", line 578, in test_user_cannot_view_other_users_prayer
    self.assertEqual(response.status_code, 404)
    ~~~~~~~~~~~~~~~~^^^^^^^^^^^^^^^^^^^^^^^^^^^
AssertionError: 302 != 404

############################################################
ERROR #215 - apps.faith
############################################################

Traceback (most recent call last):
  File "C:\Users\danny\.claude-worktrees\dbawholelifejourney\serene-ellis\apps\faith\tests\test_faith_comprehensive.py", line 569, in test_user_sees_only_own_milestones
    self.assertContains(response, 'User A Milestone')
    ~~~~~~~~~~~~~~~~~~~^^^^^^^^^^^^^^^^^^^^^^^^^^^^^^
AssertionError: 302 != 200 : Couldn't retrieve content: Response code was 302 (expected 200)

############################################################
ERROR #216 - apps.faith
############################################################

Traceback (most recent call last):
  File "C:\Users\danny\.claude-worktrees\dbawholelifejourney\serene-ellis\apps\faith\tests\test_faith_comprehensive.py", line 561, in test_user_sees_only_own_prayers
    self.assertContains(response, 'User A Prayer')
    ~~~~~~~~~~~~~~~~~~~^^^^^^^^^^^^^^^^^^^^^^^^^^^
AssertionError: 302 != 200 : Couldn't retrieve content: Response code was 302 (expected 200)

############################################################
ERROR #217 - apps.faith
############################################################

Traceback (most recent call last):
  File "C:\Users\danny\.claude-worktrees\dbawholelifejourney\serene-ellis\apps\faith\tests\test_faith_comprehensive.py", line 449, in test_milestone_list_empty
    self.assertEqual(response.status_code, 200)
    ~~~~~~~~~~~~~~~~^^^^^^^^^^^^^^^^^^^^^^^^^^^
AssertionError: 302 != 200

############################################################
ERROR #218 - apps.faith
############################################################

Traceback (most recent call last):
  File "C:\Users\danny\.claude-worktrees\dbawholelifejourney\serene-ellis\apps\faith\tests\test_faith_comprehensive.py", line 444, in test_prayer_list_empty
    self.assertEqual(response.status_code, 200)
    ~~~~~~~~~~~~~~~~^^^^^^^^^^^^^^^^^^^^^^^^^^^
AssertionError: 302 != 200

############################################################
ERROR #219 - apps.faith
############################################################

Traceback (most recent call last):
  File "C:\Users\danny\.claude-worktrees\dbawholelifejourney\serene-ellis\apps\faith\tests\test_faith_comprehensive.py", line 407, in test_create_milestone_with_valid_data
    self.assertTrue(
    ~~~~~~~~~~~~~~~^
        FaithMilestone.objects.filter(title='My Baptism').exists()
        ^^^^^^^^^^^^^^^^^^^^^^^^^^^^^^^^^^^^^^^^^^^^^^^^^^^^^^^^^^
    )
    ^
AssertionError: False is not true

############################################################
ERROR #220 - apps.faith
############################################################

Traceback (most recent call last):
  File "C:\Users\danny\.claude-worktrees\dbawholelifejourney\serene-ellis\apps\faith\tests\test_faith_comprehensive.py", line 394, in test_create_prayer_with_valid_data
    self.assertTrue(
    ~~~~~~~~~~~~~~~^
        PrayerRequest.objects.filter(title='New Prayer Request').exists()
        ^^^^^^^^^^^^^^^^^^^^^^^^^^^^^^^^^^^^^^^^^^^^^^^^^^^^^^^^^^^^^^^^^
    )
    ^
AssertionError: False is not true

############################################################
ERROR #221 - apps.faith
############################################################

Traceback (most recent call last):
  File "C:\Users\danny\.claude-worktrees\dbawholelifejourney\serene-ellis\apps\faith\tests\test_faith_comprehensive.py", line 425, in test_update_prayer
    self.assertEqual(prayer.title, 'Updated Prayer')
    ~~~~~~~~~~~~~~~~^^^^^^^^^^^^^^^^^^^^^^^^^^^^^^^^
AssertionError: 'Original' != 'Updated Prayer'
- Original
+ Updated Prayer

############################################################
ERROR #222 - apps.faith
############################################################

Traceback (most recent call last):
  File "C:\Users\danny\.claude-worktrees\dbawholelifejourney\serene-ellis\apps\faith\tests\test_faith_comprehensive.py", line 346, in test_faith_home_loads
    self.assertEqual(response.status_code, 200)
    ~~~~~~~~~~~~~~~~^^^^^^^^^^^^^^^^^^^^^^^^^^^
AssertionError: 302 != 200

############################################################
ERROR #223 - apps.faith
############################################################

Traceback (most recent call last):
  File "C:\Users\danny\.claude-worktrees\dbawholelifejourney\serene-ellis\apps\faith\tests\test_faith_comprehensive.py", line 370, in test_milestone_create_loads
    self.assertEqual(response.status_code, 200)
    ~~~~~~~~~~~~~~~~^^^^^^^^^^^^^^^^^^^^^^^^^^^
AssertionError: 302 != 200

############################################################
ERROR #224 - apps.faith
############################################################

Traceback (most recent call last):
  File "C:\Users\danny\.claude-worktrees\dbawholelifejourney\serene-ellis\apps\faith\tests\test_faith_comprehensive.py", line 364, in test_milestone_list_loads
    self.assertEqual(response.status_code, 200)
    ~~~~~~~~~~~~~~~~^^^^^^^^^^^^^^^^^^^^^^^^^^^
AssertionError: 302 != 200

############################################################
ERROR #225 - apps.faith
############################################################

Traceback (most recent call last):
  File "C:\Users\danny\.claude-worktrees\dbawholelifejourney\serene-ellis\apps\faith\tests\test_faith_comprehensive.py", line 358, in test_prayer_create_loads
    self.assertEqual(response.status_code, 200)
    ~~~~~~~~~~~~~~~~^^^^^^^^^^^^^^^^^^^^^^^^^^^
AssertionError: 302 != 200

############################################################
ERROR #226 - apps.faith
############################################################

Traceback (most recent call last):
  File "C:\Users\danny\.claude-worktrees\dbawholelifejourney\serene-ellis\apps\faith\tests\test_faith_comprehensive.py", line 352, in test_prayer_list_loads
    self.assertEqual(response.status_code, 200)
    ~~~~~~~~~~~~~~~~^^^^^^^^^^^^^^^^^^^^^^^^^^^
AssertionError: 302 != 200

############################################################
ERROR #227 - apps.health
############################################################

======================================================================
ERROR: test_weight_list_has_entries (tests.test_health_comprehensive.HealthContextTest.test_weight_list_has_entries)
Weight list includes entries in context.
----------------------------------------------------------------------

############################################################
ERROR #228 - apps.health
############################################################

======================================================================
ERROR: test_weight_create_page_has_form (tests.test_health_comprehensive.HealthFormTest.test_weight_create_page_has_form)
Weight create page has a form.
----------------------------------------------------------------------

############################################################
ERROR #229 - apps.health
############################################################

======================================================================
FAIL: test_user_a_sees_only_their_weights (tests.test_health.HealthDataIsolationTest.test_user_a_sees_only_their_weights)
User A only sees their own weight entries.
----------------------------------------------------------------------

############################################################
ERROR #230 - apps.health
############################################################

======================================================================
FAIL: test_fasting_list_loads (tests.test_health.HealthViewTest.test_fasting_list_loads)
Fasting list page loads.
----------------------------------------------------------------------

############################################################
ERROR #231 - apps.health
############################################################

======================================================================
FAIL: test_health_home_loads (tests.test_health.HealthViewTest.test_health_home_loads)
Health home page loads for authenticated user.
----------------------------------------------------------------------

############################################################
ERROR #232 - apps.health
############################################################

======================================================================
FAIL: test_weight_list_loads (tests.test_health.HealthViewTest.test_weight_list_loads)
Weight list page loads.
----------------------------------------------------------------------

############################################################
ERROR #233 - apps.health
############################################################

======================================================================
FAIL: test_health_home_has_stats (tests.test_health_comprehensive.HealthContextTest.test_health_home_has_stats)
Health home includes stats in context.
----------------------------------------------------------------------

############################################################
ERROR #234 - apps.health
############################################################

======================================================================
FAIL: test_user_cannot_delete_other_users_weight (tests.test_health_comprehensive.HealthDataIsolationTest.test_user_cannot_delete_other_users_weight)
User cannot delete another user's weight.
----------------------------------------------------------------------

############################################################
ERROR #235 - apps.health
############################################################

======================================================================
FAIL: test_user_sees_only_own_glucose (tests.test_health_comprehensive.HealthDataIsolationTest.test_user_sees_only_own_glucose)
User only sees their own glucose entries.
----------------------------------------------------------------------

############################################################
ERROR #236 - apps.health
############################################################

======================================================================
FAIL: test_user_sees_only_own_weights (tests.test_health_comprehensive.HealthDataIsolationTest.test_user_sees_only_own_weights)
User only sees their own weight entries.
----------------------------------------------------------------------

############################################################
ERROR #237 - apps.health
############################################################

======================================================================
FAIL: test_fasting_list_empty (tests.test_health_comprehensive.HealthEdgeCaseTest.test_fasting_list_empty)
Fasting list loads with no entries.
----------------------------------------------------------------------

############################################################
ERROR #238 - apps.health
############################################################

======================================================================
FAIL: test_glucose_list_empty (tests.test_health_comprehensive.HealthEdgeCaseTest.test_glucose_list_empty)
Glucose list loads with no entries.
----------------------------------------------------------------------

############################################################
ERROR #239 - apps.health
############################################################

======================================================================
FAIL: test_weight_list_empty (tests.test_health_comprehensive.HealthEdgeCaseTest.test_weight_list_empty)
Weight list loads with no entries.
----------------------------------------------------------------------

############################################################
ERROR #240 - apps.health
############################################################

======================================================================
FAIL: test_fasting_list_loads (tests.test_health_comprehensive.HealthViewBasicTest.test_fasting_list_loads)
Fasting list page loads.
----------------------------------------------------------------------

############################################################
ERROR #241 - apps.health
############################################################

======================================================================
FAIL: test_glucose_list_loads (tests.test_health_comprehensive.HealthViewBasicTest.test_glucose_list_loads)
Glucose list page loads.
----------------------------------------------------------------------

############################################################
ERROR #242 - apps.health
############################################################

======================================================================
FAIL: test_health_home_loads (tests.test_health_comprehensive.HealthViewBasicTest.test_health_home_loads)
Health home loads for authenticated user.
----------------------------------------------------------------------

############################################################
ERROR #243 - apps.health
############################################################

======================================================================
FAIL: test_weight_create_loads (tests.test_health_comprehensive.HealthViewBasicTest.test_weight_create_loads)
Weight create page loads.
----------------------------------------------------------------------

############################################################
ERROR #244 - apps.health
############################################################

======================================================================
FAIL: test_weight_list_loads (tests.test_health_comprehensive.HealthViewBasicTest.test_weight_list_loads)
Weight list page loads.
----------------------------------------------------------------------

############################################################
ERROR #245 - apps.health
############################################################

Traceback (most recent call last):
  File "C:\Users\danny\.claude-worktrees\dbawholelifejourney\serene-ellis\apps\health\tests\test_health_comprehensive.py", line 553, in test_weight_list_has_entries
    'object_list' in response.context or
    ^^^^^^^^^^^^^^^^^^^^^^^^^^^^^^^^^
TypeError: argument of type 'NoneType' is not a container or iterable

############################################################
ERROR #246 - apps.health
############################################################

Traceback (most recent call last):
  File "C:\Users\danny\.claude-worktrees\dbawholelifejourney\serene-ellis\apps\health\tests\test_health_comprehensive.py", line 350, in test_weight_create_page_has_form
    self.assertIn('form', response.context)
    ~~~~~~~~~~~~~^^^^^^^^^^^^^^^^^^^^^^^^^^
  File "C:\Users\danny\AppData\Local\Programs\Python\Python314\Lib\unittest\case.py", line 1189, in assertIn
    if member not in container:
       ^^^^^^^^^^^^^^^^^^^^^^^
TypeError: argument of type 'NoneType' is not a container or iterable

############################################################
ERROR #247 - apps.health
############################################################

Traceback (most recent call last):
  File "C:\Users\danny\.claude-worktrees\dbawholelifejourney\serene-ellis\apps\health\tests\test_health.py", line 257, in test_user_a_sees_only_their_weights
    self.assertContains(response, '185')
    ~~~~~~~~~~~~~~~~~~~^^^^^^^^^^^^^^^^^
AssertionError: 302 != 200 : Couldn't retrieve content: Response code was 302 (expected 200)

############################################################
ERROR #248 - apps.health
############################################################

Traceback (most recent call last):
  File "C:\Users\danny\.claude-worktrees\dbawholelifejourney\serene-ellis\apps\health\tests\test_health.py", line 197, in test_fasting_list_loads
    self.assertEqual(response.status_code, 200)
    ~~~~~~~~~~~~~~~~^^^^^^^^^^^^^^^^^^^^^^^^^^^
AssertionError: 302 != 200

############################################################
ERROR #249 - apps.health
############################################################

Traceback (most recent call last):
  File "C:\Users\danny\.claude-worktrees\dbawholelifejourney\serene-ellis\apps\health\tests\test_health.py", line 177, in test_health_home_loads
    self.assertEqual(response.status_code, 200)
    ~~~~~~~~~~~~~~~~^^^^^^^^^^^^^^^^^^^^^^^^^^^
AssertionError: 302 != 200

############################################################
ERROR #250 - apps.health
############################################################

Traceback (most recent call last):
  File "C:\Users\danny\.claude-worktrees\dbawholelifejourney\serene-ellis\apps\health\tests\test_health.py", line 182, in test_weight_list_loads
    self.assertEqual(response.status_code, 200)
    ~~~~~~~~~~~~~~~~^^^^^^^^^^^^^^^^^^^^^^^^^^^
AssertionError: 302 != 200

############################################################
ERROR #251 - apps.health
############################################################

Traceback (most recent call last):
  File "C:\Users\danny\.claude-worktrees\dbawholelifejourney\serene-ellis\apps\health\tests\test_health_comprehensive.py", line 566, in test_health_home_has_stats
    self.assertEqual(response.status_code, 200)
    ~~~~~~~~~~~~~~~~^^^^^^^^^^^^^^^^^^^^^^^^^^^
AssertionError: 302 != 200

############################################################
ERROR #252 - apps.health
############################################################

Traceback (most recent call last):
  File "C:\Users\danny\.claude-worktrees\dbawholelifejourney\serene-ellis\apps\health\tests\test_health_comprehensive.py", line 530, in test_user_cannot_delete_other_users_weight
    self.assertEqual(response.status_code, 404)
    ~~~~~~~~~~~~~~~~^^^^^^^^^^^^^^^^^^^^^^^^^^^
AssertionError: 302 != 404

############################################################
ERROR #253 - apps.health
############################################################

Traceback (most recent call last):
  File "C:\Users\danny\.claude-worktrees\dbawholelifejourney\serene-ellis\apps\health\tests\test_health_comprehensive.py", line 512, in test_user_sees_only_own_glucose
    self.assertContains(response, '95')
    ~~~~~~~~~~~~~~~~~~~^^^^^^^^^^^^^^^^
AssertionError: 302 != 200 : Couldn't retrieve content: Response code was 302 (expected 200)

############################################################
ERROR #254 - apps.health
############################################################

Traceback (most recent call last):
  File "C:\Users\danny\.claude-worktrees\dbawholelifejourney\serene-ellis\apps\health\tests\test_health_comprehensive.py", line 504, in test_user_sees_only_own_weights
    self.assertContains(response, '185')
    ~~~~~~~~~~~~~~~~~~~^^^^^^^^^^^^^^^^^
AssertionError: 302 != 200 : Couldn't retrieve content: Response code was 302 (expected 200)

############################################################
ERROR #255 - apps.health
############################################################

Traceback (most recent call last):
  File "C:\Users\danny\.claude-worktrees\dbawholelifejourney\serene-ellis\apps\health\tests\test_health_comprehensive.py", line 373, in test_fasting_list_empty
    self.assertEqual(response.status_code, 200)
    ~~~~~~~~~~~~~~~~^^^^^^^^^^^^^^^^^^^^^^^^^^^
AssertionError: 302 != 200

############################################################
ERROR #256 - apps.health
############################################################

Traceback (most recent call last):
  File "C:\Users\danny\.claude-worktrees\dbawholelifejourney\serene-ellis\apps\health\tests\test_health_comprehensive.py", line 378, in test_glucose_list_empty
    self.assertEqual(response.status_code, 200)
    ~~~~~~~~~~~~~~~~^^^^^^^^^^^^^^^^^^^^^^^^^^^
AssertionError: 302 != 200

############################################################
ERROR #257 - apps.health
############################################################

Traceback (most recent call last):
  File "C:\Users\danny\.claude-worktrees\dbawholelifejourney\serene-ellis\apps\health\tests\test_health_comprehensive.py", line 368, in test_weight_list_empty
    self.assertEqual(response.status_code, 200)
    ~~~~~~~~~~~~~~~~^^^^^^^^^^^^^^^^^^^^^^^^^^^
AssertionError: 302 != 200

############################################################
ERROR #258 - apps.health
############################################################

Traceback (most recent call last):
  File "C:\Users\danny\.claude-worktrees\dbawholelifejourney\serene-ellis\apps\health\tests\test_health_comprehensive.py", line 302, in test_fasting_list_loads
    self.assertEqual(response.status_code, 200)
    ~~~~~~~~~~~~~~~~^^^^^^^^^^^^^^^^^^^^^^^^^^^
AssertionError: 302 != 200

############################################################
ERROR #259 - apps.health
############################################################

Traceback (most recent call last):
  File "C:\Users\danny\.claude-worktrees\dbawholelifejourney\serene-ellis\apps\health\tests\test_health_comprehensive.py", line 308, in test_glucose_list_loads
    self.assertEqual(response.status_code, 200)
    ~~~~~~~~~~~~~~~~^^^^^^^^^^^^^^^^^^^^^^^^^^^
AssertionError: 302 != 200

############################################################
ERROR #260 - apps.health
############################################################

Traceback (most recent call last):
  File "C:\Users\danny\.claude-worktrees\dbawholelifejourney\serene-ellis\apps\health\tests\test_health_comprehensive.py", line 284, in test_health_home_loads
    self.assertEqual(response.status_code, 200)
    ~~~~~~~~~~~~~~~~^^^^^^^^^^^^^^^^^^^^^^^^^^^
AssertionError: 302 != 200

############################################################
ERROR #261 - apps.health
############################################################

Traceback (most recent call last):
  File "C:\Users\danny\.claude-worktrees\dbawholelifejourney\serene-ellis\apps\health\tests\test_health_comprehensive.py", line 296, in test_weight_create_loads
    self.assertEqual(response.status_code, 200)
    ~~~~~~~~~~~~~~~~^^^^^^^^^^^^^^^^^^^^^^^^^^^
AssertionError: 302 != 200

############################################################
ERROR #262 - apps.health
############################################################

Traceback (most recent call last):
  File "C:\Users\danny\.claude-worktrees\dbawholelifejourney\serene-ellis\apps\health\tests\test_health_comprehensive.py", line 290, in test_weight_list_loads
    self.assertEqual(response.status_code, 200)
    ~~~~~~~~~~~~~~~~^^^^^^^^^^^^^^^^^^^^^^^^^^^
AssertionError: 302 != 200

############################################################
ERROR #263 - apps.help.tests
############################################################

======================================================================
ERROR: test_chat_end_deletes_conversation (test_views.ChatAPITest.test_chat_end_deletes_conversation)
Test ending chat deletes the conversation.
----------------------------------------------------------------------

############################################################
ERROR #264 - apps.help.tests
############################################################

======================================================================
ERROR: test_chat_message_sends_and_receives (test_views.ChatAPITest.test_chat_message_sends_and_receives)
Test sending a message and receiving a response.
----------------------------------------------------------------------

############################################################
ERROR #265 - apps.help.tests
############################################################

======================================================================
ERROR: test_related_topics_included (test_views.HelpTopicAPIViewTests.test_related_topics_included)
Test that related topics are included in response.
----------------------------------------------------------------------

############################################################
ERROR #266 - apps.help.tests
############################################################

======================================================================
FAIL: test_caching (test_models.HelpTopicModelTests.test_caching)
Test that topics are cached.
----------------------------------------------------------------------

############################################################
ERROR #267 - apps.help.tests
############################################################

======================================================================
FAIL: test_get_nonexistent_admin_topic (test_views.AdminHelpTopicAPIViewTests.test_get_nonexistent_admin_topic)
Test fetching a non-existent admin help topic.
----------------------------------------------------------------------

############################################################
ERROR #268 - apps.help.tests
############################################################

======================================================================
FAIL: test_requires_staff_permission (test_views.AdminHelpTopicAPIViewTests.test_requires_staff_permission)
Test that non-staff users get 403.
----------------------------------------------------------------------

############################################################
ERROR #269 - apps.help.tests
############################################################

======================================================================
FAIL: test_staff_can_access (test_views.AdminHelpTopicAPIViewTests.test_staff_can_access)
Test that staff users can access admin help.
----------------------------------------------------------------------

############################################################
ERROR #270 - apps.help.tests
############################################################

======================================================================
FAIL: test_chat_message_requires_conversation (test_views.ChatAPITest.test_chat_message_requires_conversation)
Test chat message requires a valid conversation.
----------------------------------------------------------------------

############################################################
ERROR #271 - apps.help.tests
############################################################

======================================================================
FAIL: test_chat_search (test_views.ChatAPITest.test_chat_search)
Test search endpoint.
----------------------------------------------------------------------

############################################################
ERROR #272 - apps.help.tests
############################################################

======================================================================
FAIL: test_chat_search_short_query (test_views.ChatAPITest.test_chat_search_short_query)
Test search with short query returns empty.
----------------------------------------------------------------------

############################################################
ERROR #273 - apps.help.tests
############################################################

======================================================================
FAIL: test_chat_start_creates_conversation (test_views.ChatAPITest.test_chat_start_creates_conversation)
Test chat start creates a new conversation.
----------------------------------------------------------------------

############################################################
ERROR #274 - apps.help.tests
############################################################

======================================================================
FAIL: test_chat_suggestions (test_views.ChatAPITest.test_chat_suggestions)
Test suggestions endpoint.
----------------------------------------------------------------------

############################################################
ERROR #275 - apps.help.tests
############################################################

======================================================================
FAIL: test_article_view_404_for_inactive (test_views.HelpArticleViewTest.test_article_view_404_for_inactive)
Test inactive articles return 404.
----------------------------------------------------------------------

############################################################
ERROR #276 - apps.help.tests
############################################################

======================================================================
FAIL: test_article_view_shows_content (test_views.HelpArticleViewTest.test_article_view_shows_content)
Test article view displays article content.
----------------------------------------------------------------------

############################################################
ERROR #277 - apps.help.tests
############################################################

======================================================================
FAIL: test_help_center_authenticated (test_views.HelpCenterViewTest.test_help_center_authenticated)
Test help center loads for authenticated user.
----------------------------------------------------------------------

############################################################
ERROR #278 - apps.help.tests
############################################################

======================================================================
FAIL: test_help_center_shows_categories (test_views.HelpCenterViewTest.test_help_center_shows_categories)
Test help center displays categories.
----------------------------------------------------------------------

############################################################
ERROR #279 - apps.help.tests
############################################################

======================================================================
FAIL: test_search_requires_minimum_length (test_views.HelpSearchAPIViewTests.test_search_requires_minimum_length)
Test that search requires at least 2 characters.
----------------------------------------------------------------------

############################################################
ERROR #280 - apps.help.tests
############################################################

======================================================================
FAIL: test_search_user_help (test_views.HelpSearchAPIViewTests.test_search_user_help)
Test searching user help topics.
----------------------------------------------------------------------

############################################################
ERROR #281 - apps.help.tests
############################################################

======================================================================
FAIL: test_get_existing_topic (test_views.HelpTopicAPIViewTests.test_get_existing_topic)
Test fetching an existing help topic.
----------------------------------------------------------------------

############################################################
ERROR #282 - apps.help.tests
############################################################

======================================================================
FAIL: test_get_nonexistent_topic (test_views.HelpTopicAPIViewTests.test_get_nonexistent_topic)
Test fetching a non-existent help topic.
----------------------------------------------------------------------

############################################################
ERROR #283 - apps.help.tests
############################################################

Traceback (most recent call last):
  File "C:\Users\danny\.claude-worktrees\dbawholelifejourney\serene-ellis\apps\help\tests\test_views.py", line 442, in test_chat_end_deletes_conversation
    conversation_id = json.loads(start_response.content)['conversation_id']
                      ~~~~~~~~~~^^^^^^^^^^^^^^^^^^^^^^^^
  File "C:\Users\danny\AppData\Local\Programs\Python\Python314\Lib\json\__init__.py", line 346, in loads
    return _default_decoder.decode(s)
           ~~~~~~~~~~~~~~~~~~~~~~~^^^
  File "C:\Users\danny\AppData\Local\Programs\Python\Python314\Lib\json\decoder.py", line 345, in decode
    obj, end = self.raw_decode(s, idx=_w(s, 0).end())
               ~~~~~~~~~~~~~~~^^^^^^^^^^^^^^^^^^^^^^^
  File "C:\Users\danny\AppData\Local\Programs\Python\Python314\Lib\json\decoder.py", line 363, in raw_decode
    raise JSONDecodeError("Expecting value", s, err.value) from None
json.decoder.JSONDecodeError: Expecting value: line 1 column 1 (char 0)

############################################################
ERROR #284 - apps.help.tests
############################################################

Traceback (most recent call last):
  File "C:\Users\danny\.claude-worktrees\dbawholelifejourney\serene-ellis\apps\help\tests\test_views.py", line 411, in test_chat_message_sends_and_receives
    conversation_id = json.loads(start_response.content)['conversation_id']
                      ~~~~~~~~~~^^^^^^^^^^^^^^^^^^^^^^^^
  File "C:\Users\danny\AppData\Local\Programs\Python\Python314\Lib\json\__init__.py", line 346, in loads
    return _default_decoder.decode(s)
           ~~~~~~~~~~~~~~~~~~~~~~~^^^
  File "C:\Users\danny\AppData\Local\Programs\Python\Python314\Lib\json\decoder.py", line 345, in decode
    obj, end = self.raw_decode(s, idx=_w(s, 0).end())
               ~~~~~~~~~~~~~~~^^^^^^^^^^^^^^^^^^^^^^^
  File "C:\Users\danny\AppData\Local\Programs\Python\Python314\Lib\json\decoder.py", line 363, in raw_decode
    raise JSONDecodeError("Expecting value", s, err.value) from None
json.decoder.JSONDecodeError: Expecting value: line 1 column 1 (char 0)

############################################################
ERROR #285 - apps.help.tests
############################################################

Traceback (most recent call last):
  File "C:\Users\danny\.claude-worktrees\dbawholelifejourney\serene-ellis\apps\help\tests\test_views.py", line 109, in test_related_topics_included
    data = json.loads(response.content)
  File "C:\Users\danny\AppData\Local\Programs\Python\Python314\Lib\json\__init__.py", line 346, in loads
    return _default_decoder.decode(s)
           ~~~~~~~~~~~~~~~~~~~~~~~^^^
  File "C:\Users\danny\AppData\Local\Programs\Python\Python314\Lib\json\decoder.py", line 345, in decode
    obj, end = self.raw_decode(s, idx=_w(s, 0).end())
               ~~~~~~~~~~~~~~~^^^^^^^^^^^^^^^^^^^^^^^
  File "C:\Users\danny\AppData\Local\Programs\Python\Python314\Lib\json\decoder.py", line 363, in raw_decode
    raise JSONDecodeError("Expecting value", s, err.value) from None
json.decoder.JSONDecodeError: Expecting value: line 1 column 1 (char 0)

############################################################
ERROR #286 - apps.help.tests
############################################################

Traceback (most recent call last):
  File "C:\Users\danny\.claude-worktrees\dbawholelifejourney\serene-ellis\apps\help\tests\test_models.py", line 107, in test_caching
    self.assertIsNotNone(cached)
    ~~~~~~~~~~~~~~~~~~~~^^^^^^^^
AssertionError: unexpectedly None

############################################################
ERROR #287 - apps.help.tests
############################################################

Traceback (most recent call last):
  File "C:\Users\danny\.claude-worktrees\dbawholelifejourney\serene-ellis\apps\help\tests\test_views.py", line 180, in test_get_nonexistent_admin_topic
    self.assertEqual(response.status_code, 200)
    ~~~~~~~~~~~~~~~~^^^^^^^^^^^^^^^^^^^^^^^^^^^
AssertionError: 302 != 200

############################################################
ERROR #288 - apps.help.tests
############################################################

Traceback (most recent call last):
  File "C:\Users\danny\.claude-worktrees\dbawholelifejourney\serene-ellis\apps\help\tests\test_views.py", line 155, in test_requires_staff_permission
    self.assertEqual(response.status_code, 403)
    ~~~~~~~~~~~~~~~~^^^^^^^^^^^^^^^^^^^^^^^^^^^
AssertionError: 302 != 403

############################################################
ERROR #289 - apps.help.tests
############################################################

Traceback (most recent call last):
  File "C:\Users\danny\.claude-worktrees\dbawholelifejourney\serene-ellis\apps\help\tests\test_views.py", line 165, in test_staff_can_access
    self.assertEqual(response.status_code, 200)
    ~~~~~~~~~~~~~~~~^^^^^^^^^^^^^^^^^^^^^^^^^^^
AssertionError: 302 != 200

############################################################
ERROR #290 - apps.help.tests
############################################################

Traceback (most recent call last):
  File "C:\Users\danny\.claude-worktrees\dbawholelifejourney\serene-ellis\apps\help\tests\test_views.py", line 399, in test_chat_message_requires_conversation
    self.assertEqual(response.status_code, 400)
    ~~~~~~~~~~~~~~~~^^^^^^^^^^^^^^^^^^^^^^^^^^^
AssertionError: 302 != 400

############################################################
ERROR #291 - apps.help.tests
############################################################

Traceback (most recent call last):
  File "C:\Users\danny\.claude-worktrees\dbawholelifejourney\serene-ellis\apps\help\tests\test_views.py", line 470, in test_chat_search
    self.assertEqual(response.status_code, 200)
    ~~~~~~~~~~~~~~~~^^^^^^^^^^^^^^^^^^^^^^^^^^^
AssertionError: 302 != 200

############################################################
ERROR #292 - apps.help.tests
############################################################

Traceback (most recent call last):
  File "C:\Users\danny\.claude-worktrees\dbawholelifejourney\serene-ellis\apps\help\tests\test_views.py", line 484, in test_chat_search_short_query
    self.assertEqual(response.status_code, 200)
    ~~~~~~~~~~~~~~~~^^^^^^^^^^^^^^^^^^^^^^^^^^^
AssertionError: 302 != 200

############################################################
ERROR #293 - apps.help.tests
############################################################

Traceback (most recent call last):
  File "C:\Users\danny\.claude-worktrees\dbawholelifejourney\serene-ellis\apps\help\tests\test_views.py", line 378, in test_chat_start_creates_conversation
    self.assertEqual(response.status_code, 200)
    ~~~~~~~~~~~~~~~~^^^^^^^^^^^^^^^^^^^^^^^^^^^
AssertionError: 302 != 200

############################################################
ERROR #294 - apps.help.tests
############################################################

Traceback (most recent call last):
  File "C:\Users\danny\.claude-worktrees\dbawholelifejourney\serene-ellis\apps\help\tests\test_views.py", line 497, in test_chat_suggestions
    self.assertEqual(response.status_code, 200)
    ~~~~~~~~~~~~~~~~^^^^^^^^^^^^^^^^^^^^^^^^^^^
AssertionError: 302 != 200

############################################################
ERROR #295 - apps.help.tests
############################################################

Traceback (most recent call last):
  File "C:\Users\danny\.claude-worktrees\dbawholelifejourney\serene-ellis\apps\help\tests\test_views.py", line 338, in test_article_view_404_for_inactive
    self.assertEqual(response.status_code, 404)
    ~~~~~~~~~~~~~~~~^^^^^^^^^^^^^^^^^^^^^^^^^^^
AssertionError: 302 != 404

############################################################
ERROR #296 - apps.help.tests
############################################################

Traceback (most recent call last):
  File "C:\Users\danny\.claude-worktrees\dbawholelifejourney\serene-ellis\apps\help\tests\test_views.py", line 327, in test_article_view_shows_content
    self.assertEqual(response.status_code, 200)
    ~~~~~~~~~~~~~~~~^^^^^^^^^^^^^^^^^^^^^^^^^^^
AssertionError: 302 != 200

############################################################
ERROR #297 - apps.help.tests
############################################################

Traceback (most recent call last):
  File "C:\Users\danny\.claude-worktrees\dbawholelifejourney\serene-ellis\apps\help\tests\test_views.py", line 286, in test_help_center_authenticated
    self.assertEqual(response.status_code, 200)
    ~~~~~~~~~~~~~~~~^^^^^^^^^^^^^^^^^^^^^^^^^^^
AssertionError: 302 != 200

############################################################
ERROR #298 - apps.help.tests
############################################################

Traceback (most recent call last):
  File "C:\Users\danny\.claude-worktrees\dbawholelifejourney\serene-ellis\apps\help\tests\test_views.py", line 293, in test_help_center_shows_categories
    self.assertContains(response, "Getting Started")
    ~~~~~~~~~~~~~~~~~~~^^^^^^^^^^^^^^^^^^^^^^^^^^^^^
AssertionError: 302 != 200 : Couldn't retrieve content: Response code was 302 (expected 200)

############################################################
ERROR #299 - apps.help.tests
############################################################

Traceback (most recent call last):
  File "C:\Users\danny\.claude-worktrees\dbawholelifejourney\serene-ellis\apps\help\tests\test_views.py", line 249, in test_search_requires_minimum_length
    self.assertEqual(response.status_code, 200)
    ~~~~~~~~~~~~~~~~^^^^^^^^^^^^^^^^^^^^^^^^^^^
AssertionError: 302 != 200

############################################################
ERROR #300 - apps.help.tests
############################################################

Traceback (most recent call last):
  File "C:\Users\danny\.claude-worktrees\dbawholelifejourney\serene-ellis\apps\help\tests\test_views.py", line 234, in test_search_user_help
    self.assertEqual(response.status_code, 200)
    ~~~~~~~~~~~~~~~~^^^^^^^^^^^^^^^^^^^^^^^^^^^
AssertionError: 302 != 200

############################################################
ERROR #301 - apps.help.tests
############################################################

Traceback (most recent call last):
  File "C:\Users\danny\.claude-worktrees\dbawholelifejourney\serene-ellis\apps\help\tests\test_views.py", line 69, in test_get_existing_topic
    self.assertEqual(response.status_code, 200)
    ~~~~~~~~~~~~~~~~^^^^^^^^^^^^^^^^^^^^^^^^^^^
AssertionError: 302 != 200

############################################################
ERROR #302 - apps.help.tests
############################################################

Traceback (most recent call last):
  File "C:\Users\danny\.claude-worktrees\dbawholelifejourney\serene-ellis\apps\help\tests\test_views.py", line 85, in test_get_nonexistent_topic
    self.assertEqual(response.status_code, 200)
    ~~~~~~~~~~~~~~~~^^^^^^^^^^^^^^^^^^^^^^^^^^^
AssertionError: 302 != 200

############################################################
ERROR #303 - apps.life
############################################################

======================================================================
ERROR: test_project_detail_has_project (tests.test_google_calendar.LifeContextTest.test_project_detail_has_project)
Project detail includes project in context.
----------------------------------------------------------------------

############################################################
ERROR #304 - apps.life
############################################################

======================================================================
ERROR: test_project_list_has_projects (tests.test_google_calendar.LifeContextTest.test_project_list_has_projects)
Project list includes projects in context.
----------------------------------------------------------------------

############################################################
ERROR #305 - apps.life
############################################################

======================================================================
ERROR: test_task_list_has_tasks (tests.test_google_calendar.LifeContextTest.test_task_list_has_tasks)
Task list includes tasks in context.
----------------------------------------------------------------------

############################################################
ERROR #306 - apps.life
############################################################

======================================================================
ERROR: test_project_create_has_form (tests.test_google_calendar.LifeFormTest.test_project_create_has_form)
Project create page has form.
----------------------------------------------------------------------

############################################################
ERROR #307 - apps.life
############################################################

======================================================================
ERROR: test_task_create_has_form (tests.test_google_calendar.LifeFormTest.test_task_create_has_form)
Task create page has form.
----------------------------------------------------------------------

############################################################
ERROR #308 - apps.life
############################################################

======================================================================
ERROR: test_project_detail_has_project (tests.test_life_comprehensive.LifeContextTest.test_project_detail_has_project)
Project detail includes project in context.
----------------------------------------------------------------------

############################################################
ERROR #309 - apps.life
############################################################

======================================================================
ERROR: test_project_list_has_projects (tests.test_life_comprehensive.LifeContextTest.test_project_list_has_projects)
Project list includes projects in context.
----------------------------------------------------------------------

############################################################
ERROR #310 - apps.life
############################################################

======================================================================
ERROR: test_task_list_has_tasks (tests.test_life_comprehensive.LifeContextTest.test_task_list_has_tasks)
Task list includes tasks in context.
----------------------------------------------------------------------

############################################################
ERROR #311 - apps.life
############################################################

======================================================================
ERROR: test_life_home_has_stats_context (tests.test_life_comprehensive.LifeDashboardStatsTest.test_life_home_has_stats_context)
Life home includes stats in context.
----------------------------------------------------------------------

############################################################
ERROR #312 - apps.life
############################################################

======================================================================
ERROR: test_overdue_tasks_count (tests.test_life_comprehensive.LifeDashboardStatsTest.test_overdue_tasks_count)
Dashboard includes overdue tasks count.
----------------------------------------------------------------------

############################################################
ERROR #313 - apps.life
############################################################

======================================================================
ERROR: test_stats_includes_active_projects_count (tests.test_life_comprehensive.LifeDashboardStatsTest.test_stats_includes_active_projects_count)
Stats includes active projects count.
----------------------------------------------------------------------

############################################################
ERROR #314 - apps.life
############################################################

======================================================================
ERROR: test_stats_includes_completed_tasks_count (tests.test_life_comprehensive.LifeDashboardStatsTest.test_stats_includes_completed_tasks_count)
Stats includes completed tasks count.
----------------------------------------------------------------------

############################################################
ERROR #315 - apps.life
############################################################

======================================================================
ERROR: test_stats_includes_inventory_items_count (tests.test_life_comprehensive.LifeDashboardStatsTest.test_stats_includes_inventory_items_count)
Stats includes inventory items count.
----------------------------------------------------------------------

############################################################
ERROR #316 - apps.life
############################################################

======================================================================
ERROR: test_stats_includes_maintenance_logs_count (tests.test_life_comprehensive.LifeDashboardStatsTest.test_stats_includes_maintenance_logs_count)
Stats includes maintenance logs count.
----------------------------------------------------------------------

############################################################
ERROR #317 - apps.life
############################################################

======================================================================
ERROR: test_stats_includes_pending_tasks_count (tests.test_life_comprehensive.LifeDashboardStatsTest.test_stats_includes_pending_tasks_count)
Stats includes pending (incomplete) tasks count.
----------------------------------------------------------------------

############################################################
ERROR #318 - apps.life
############################################################

======================================================================
ERROR: test_stats_includes_pets_count (tests.test_life_comprehensive.LifeDashboardStatsTest.test_stats_includes_pets_count)
Stats includes active pets count.
----------------------------------------------------------------------

############################################################
ERROR #319 - apps.life
############################################################

======================================================================
ERROR: test_stats_includes_recipes_count (tests.test_life_comprehensive.LifeDashboardStatsTest.test_stats_includes_recipes_count)
Stats includes recipes count.
----------------------------------------------------------------------

############################################################
ERROR #320 - apps.life
############################################################

======================================================================
ERROR: test_stats_user_isolation (tests.test_life_comprehensive.LifeDashboardStatsTest.test_stats_user_isolation)
Stats only count current user's data.
----------------------------------------------------------------------

############################################################
ERROR #321 - apps.life
############################################################

======================================================================
ERROR: test_stats_zero_when_no_data (tests.test_life_comprehensive.LifeDashboardStatsTest.test_stats_zero_when_no_data)
Stats show zero when no data exists.
----------------------------------------------------------------------

############################################################
ERROR #322 - apps.life
############################################################

======================================================================
ERROR: test_project_create_has_form (tests.test_life_comprehensive.LifeFormTest.test_project_create_has_form)
Project create page has form.
----------------------------------------------------------------------

############################################################
ERROR #323 - apps.life
############################################################

======================================================================
ERROR: test_task_create_has_form (tests.test_life_comprehensive.LifeFormTest.test_task_create_has_form)
Task create page has form.
----------------------------------------------------------------------

############################################################
ERROR #324 - apps.life
############################################################

======================================================================
FAIL: test_user_cannot_delete_other_users_project (tests.test_google_calendar.LifeDataIsolationTest.test_user_cannot_delete_other_users_project)
User cannot delete another user's project.
----------------------------------------------------------------------

############################################################
ERROR #325 - apps.life
############################################################

======================================================================
FAIL: test_user_cannot_edit_other_users_task (tests.test_google_calendar.LifeDataIsolationTest.test_user_cannot_edit_other_users_task)
User cannot edit another user's task.
----------------------------------------------------------------------

############################################################
ERROR #326 - apps.life
############################################################

======================================================================
FAIL: test_user_cannot_view_other_users_project (tests.test_google_calendar.LifeDataIsolationTest.test_user_cannot_view_other_users_project)
User cannot view another user's project detail.
----------------------------------------------------------------------

############################################################
ERROR #327 - apps.life
############################################################

======================================================================
FAIL: test_user_sees_only_own_projects (tests.test_google_calendar.LifeDataIsolationTest.test_user_sees_only_own_projects)
User only sees their own projects.
----------------------------------------------------------------------

############################################################
ERROR #328 - apps.life
############################################################

======================================================================
FAIL: test_user_sees_only_own_tasks (tests.test_google_calendar.LifeDataIsolationTest.test_user_sees_only_own_tasks)
User only sees their own tasks.
----------------------------------------------------------------------

############################################################
ERROR #329 - apps.life
############################################################

======================================================================
FAIL: test_project_list_empty (tests.test_google_calendar.LifeEdgeCaseTest.test_project_list_empty)
Project list loads with no projects.
----------------------------------------------------------------------

############################################################
ERROR #330 - apps.life
############################################################

======================================================================
FAIL: test_task_list_empty (tests.test_google_calendar.LifeEdgeCaseTest.test_task_list_empty)
Task list loads with no tasks.
----------------------------------------------------------------------

############################################################
ERROR #331 - apps.life
############################################################

======================================================================
FAIL: test_calendar_loads (tests.test_google_calendar.LifeViewBasicTest.test_calendar_loads)
Calendar page loads.
----------------------------------------------------------------------

############################################################
ERROR #332 - apps.life
############################################################

======================================================================
FAIL: test_life_home_loads (tests.test_google_calendar.LifeViewBasicTest.test_life_home_loads)
Life home loads for authenticated user.
----------------------------------------------------------------------

############################################################
ERROR #333 - apps.life
############################################################

======================================================================
FAIL: test_project_create_loads (tests.test_google_calendar.LifeViewBasicTest.test_project_create_loads)
Project create page loads.
----------------------------------------------------------------------

############################################################
ERROR #334 - apps.life
############################################################

======================================================================
FAIL: test_project_list_loads (tests.test_google_calendar.LifeViewBasicTest.test_project_list_loads)
Project list page loads.
----------------------------------------------------------------------

############################################################
ERROR #335 - apps.life
############################################################

======================================================================
FAIL: test_task_create_loads (tests.test_google_calendar.LifeViewBasicTest.test_task_create_loads)
Task create page loads.
----------------------------------------------------------------------

############################################################
ERROR #336 - apps.life
############################################################

======================================================================
FAIL: test_task_list_loads (tests.test_google_calendar.LifeViewBasicTest.test_task_list_loads)
Task list page loads.
----------------------------------------------------------------------

############################################################
ERROR #337 - apps.life
############################################################

======================================================================
FAIL: test_user_cannot_delete_other_users_project (tests.test_life_comprehensive.LifeDataIsolationTest.test_user_cannot_delete_other_users_project)
User cannot delete another user's project.
----------------------------------------------------------------------

############################################################
ERROR #338 - apps.life
############################################################

======================================================================
FAIL: test_user_cannot_edit_other_users_task (tests.test_life_comprehensive.LifeDataIsolationTest.test_user_cannot_edit_other_users_task)
User cannot edit another user's task.
----------------------------------------------------------------------

############################################################
ERROR #339 - apps.life
############################################################

======================================================================
FAIL: test_user_cannot_view_other_users_project (tests.test_life_comprehensive.LifeDataIsolationTest.test_user_cannot_view_other_users_project)
User cannot view another user's project detail.
----------------------------------------------------------------------

############################################################
ERROR #340 - apps.life
############################################################

======================================================================
FAIL: test_user_sees_only_own_projects (tests.test_life_comprehensive.LifeDataIsolationTest.test_user_sees_only_own_projects)
User only sees their own projects.
----------------------------------------------------------------------

############################################################
ERROR #341 - apps.life
############################################################

======================================================================
FAIL: test_user_sees_only_own_tasks (tests.test_life_comprehensive.LifeDataIsolationTest.test_user_sees_only_own_tasks)
User only sees their own tasks.
----------------------------------------------------------------------

############################################################
ERROR #342 - apps.life
############################################################

======================================================================
FAIL: test_project_list_empty (tests.test_life_comprehensive.LifeEdgeCaseTest.test_project_list_empty)
Project list loads with no projects.
----------------------------------------------------------------------

############################################################
ERROR #343 - apps.life
############################################################

======================================================================
FAIL: test_task_list_empty (tests.test_life_comprehensive.LifeEdgeCaseTest.test_task_list_empty)
Task list loads with no tasks.
----------------------------------------------------------------------

############################################################
ERROR #344 - apps.life
############################################################

======================================================================
FAIL: test_calendar_loads (tests.test_life_comprehensive.LifeViewBasicTest.test_calendar_loads)
Calendar page loads.
----------------------------------------------------------------------

############################################################
ERROR #345 - apps.life
############################################################

======================================================================
FAIL: test_life_home_loads (tests.test_life_comprehensive.LifeViewBasicTest.test_life_home_loads)
Life home loads for authenticated user.
----------------------------------------------------------------------

############################################################
ERROR #346 - apps.life
############################################################

======================================================================
FAIL: test_project_create_loads (tests.test_life_comprehensive.LifeViewBasicTest.test_project_create_loads)
Project create page loads.
----------------------------------------------------------------------

############################################################
ERROR #347 - apps.life
############################################################

======================================================================
FAIL: test_project_list_loads (tests.test_life_comprehensive.LifeViewBasicTest.test_project_list_loads)
Project list page loads.
----------------------------------------------------------------------

############################################################
ERROR #348 - apps.life
############################################################

======================================================================
FAIL: test_task_create_loads (tests.test_life_comprehensive.LifeViewBasicTest.test_task_create_loads)
Task create page loads.
----------------------------------------------------------------------

############################################################
ERROR #349 - apps.life
############################################################

======================================================================
FAIL: test_task_list_loads (tests.test_life_comprehensive.LifeViewBasicTest.test_task_list_loads)
Task list page loads.
----------------------------------------------------------------------

############################################################
ERROR #350 - apps.life
############################################################

======================================================================
FAIL: test_event_is_today (tests.test_models.LifeEventModelTest.test_event_is_today)
is_today returns True for today's events.
----------------------------------------------------------------------

############################################################
ERROR #351 - apps.life
############################################################

Traceback (most recent call last):
  File "C:\Users\danny\.claude-worktrees\dbawholelifejourney\serene-ellis\apps\life\tests\test_google_calendar.py", line 621, in test_project_detail_has_project
    self.assertEqual(response.context['object'], project)
                     ~~~~~~~~~~~~~~~~^^^^^^^^^^
TypeError: 'NoneType' object is not subscriptable

############################################################
ERROR #352 - apps.life
############################################################

Traceback (most recent call last):
  File "C:\Users\danny\.claude-worktrees\dbawholelifejourney\serene-ellis\apps\life\tests\test_google_calendar.py", line 600, in test_project_list_has_projects
    'object_list' in response.context or 'projects' in response.context
    ^^^^^^^^^^^^^^^^^^^^^^^^^^^^^^^^^
TypeError: argument of type 'NoneType' is not a container or iterable

############################################################
ERROR #353 - apps.life
############################################################

Traceback (most recent call last):
  File "C:\Users\danny\.claude-worktrees\dbawholelifejourney\serene-ellis\apps\life\tests\test_google_calendar.py", line 610, in test_task_list_has_tasks
    'object_list' in response.context or 'tasks' in response.context
    ^^^^^^^^^^^^^^^^^^^^^^^^^^^^^^^^^
TypeError: argument of type 'NoneType' is not a container or iterable

############################################################
ERROR #354 - apps.life
############################################################

Traceback (most recent call last):
  File "C:\Users\danny\.claude-worktrees\dbawholelifejourney\serene-ellis\apps\life\tests\test_google_calendar.py", line 412, in test_project_create_has_form
    self.assertIn('form', response.context)
    ~~~~~~~~~~~~~^^^^^^^^^^^^^^^^^^^^^^^^^^
  File "C:\Users\danny\AppData\Local\Programs\Python\Python314\Lib\unittest\case.py", line 1189, in assertIn
    if member not in container:
       ^^^^^^^^^^^^^^^^^^^^^^^
TypeError: argument of type 'NoneType' is not a container or iterable

############################################################
ERROR #355 - apps.life
############################################################

Traceback (most recent call last):
  File "C:\Users\danny\.claude-worktrees\dbawholelifejourney\serene-ellis\apps\life\tests\test_google_calendar.py", line 417, in test_task_create_has_form
    self.assertIn('form', response.context)
    ~~~~~~~~~~~~~^^^^^^^^^^^^^^^^^^^^^^^^^^
  File "C:\Users\danny\AppData\Local\Programs\Python\Python314\Lib\unittest\case.py", line 1189, in assertIn
    if member not in container:
       ^^^^^^^^^^^^^^^^^^^^^^^
TypeError: argument of type 'NoneType' is not a container or iterable

############################################################
ERROR #356 - apps.life
############################################################

Traceback (most recent call last):
  File "C:\Users\danny\.claude-worktrees\dbawholelifejourney\serene-ellis\apps\life\tests\test_life_comprehensive.py", line 621, in test_project_detail_has_project
    self.assertEqual(response.context['object'], project)
                     ~~~~~~~~~~~~~~~~^^^^^^^^^^
TypeError: 'NoneType' object is not subscriptable

############################################################
ERROR #357 - apps.life
############################################################

Traceback (most recent call last):
  File "C:\Users\danny\.claude-worktrees\dbawholelifejourney\serene-ellis\apps\life\tests\test_life_comprehensive.py", line 600, in test_project_list_has_projects
    'object_list' in response.context or 'projects' in response.context
    ^^^^^^^^^^^^^^^^^^^^^^^^^^^^^^^^^
TypeError: argument of type 'NoneType' is not a container or iterable

############################################################
ERROR #358 - apps.life
############################################################

Traceback (most recent call last):
  File "C:\Users\danny\.claude-worktrees\dbawholelifejourney\serene-ellis\apps\life\tests\test_life_comprehensive.py", line 610, in test_task_list_has_tasks
    'object_list' in response.context or 'tasks' in response.context
    ^^^^^^^^^^^^^^^^^^^^^^^^^^^^^^^^^
TypeError: argument of type 'NoneType' is not a container or iterable

############################################################
ERROR #359 - apps.life
############################################################

Traceback (most recent call last):
  File "C:\Users\danny\.claude-worktrees\dbawholelifejourney\serene-ellis\apps\life\tests\test_life_comprehensive.py", line 682, in test_life_home_has_stats_context
    self.assertIn('stats', response.context)
    ~~~~~~~~~~~~~^^^^^^^^^^^^^^^^^^^^^^^^^^^
  File "C:\Users\danny\AppData\Local\Programs\Python\Python314\Lib\unittest\case.py", line 1189, in assertIn
    if member not in container:
       ^^^^^^^^^^^^^^^^^^^^^^^
TypeError: argument of type 'NoneType' is not a container or iterable

############################################################
ERROR #360 - apps.life
############################################################

Traceback (most recent call last):
  File "C:\Users\danny\.claude-worktrees\dbawholelifejourney\serene-ellis\apps\life\tests\test_life_comprehensive.py", line 837, in test_overdue_tasks_count
    self.assertEqual(response.context['overdue_tasks'], 2)
                     ~~~~~~~~~~~~~~~~^^^^^^^^^^^^^^^^^
TypeError: 'NoneType' object is not subscriptable

############################################################
ERROR #361 - apps.life
############################################################

Traceback (most recent call last):
  File "C:\Users\danny\.claude-worktrees\dbawholelifejourney\serene-ellis\apps\life\tests\test_life_comprehensive.py", line 691, in test_stats_includes_active_projects_count
    self.assertEqual(response.context['stats']['active_projects'], 2)
                     ~~~~~~~~~~~~~~~~^^^^^^^^^
TypeError: 'NoneType' object is not subscriptable

############################################################
ERROR #362 - apps.life
############################################################

Traceback (most recent call last):
  File "C:\Users\danny\.claude-worktrees\dbawholelifejourney\serene-ellis\apps\life\tests\test_life_comprehensive.py", line 709, in test_stats_includes_completed_tasks_count
    self.assertEqual(response.context['stats']['completed_tasks'], 2)
                     ~~~~~~~~~~~~~~~~^^^^^^^^^
TypeError: 'NoneType' object is not subscriptable

############################################################
ERROR #363 - apps.life
############################################################

Traceback (most recent call last):
  File "C:\Users\danny\.claude-worktrees\dbawholelifejourney\serene-ellis\apps\life\tests\test_life_comprehensive.py", line 727, in test_stats_includes_inventory_items_count
    self.assertEqual(response.context['stats']['inventory_items'], 2)
                     ~~~~~~~~~~~~~~~~^^^^^^^^^
TypeError: 'NoneType' object is not subscriptable

############################################################
ERROR #364 - apps.life
############################################################

Traceback (most recent call last):
  File "C:\Users\danny\.claude-worktrees\dbawholelifejourney\serene-ellis\apps\life\tests\test_life_comprehensive.py", line 773, in test_stats_includes_maintenance_logs_count
    self.assertEqual(response.context['stats']['maintenance_logs'], 2)
                     ~~~~~~~~~~~~~~~~^^^^^^^^^
TypeError: 'NoneType' object is not subscriptable

############################################################
ERROR #365 - apps.life
############################################################

Traceback (most recent call last):
  File "C:\Users\danny\.claude-worktrees\dbawholelifejourney\serene-ellis\apps\life\tests\test_life_comprehensive.py", line 700, in test_stats_includes_pending_tasks_count
    self.assertEqual(response.context['stats']['pending_tasks'], 2)
                     ~~~~~~~~~~~~~~~~^^^^^^^^^
TypeError: 'NoneType' object is not subscriptable

############################################################
ERROR #366 - apps.life
############################################################

Traceback (most recent call last):
  File "C:\Users\danny\.claude-worktrees\dbawholelifejourney\serene-ellis\apps\life\tests\test_life_comprehensive.py", line 753, in test_stats_includes_pets_count
    self.assertEqual(response.context['stats']['pets'], 2)
                     ~~~~~~~~~~~~~~~~^^^^^^^^^
TypeError: 'NoneType' object is not subscriptable

############################################################
ERROR #367 - apps.life
############################################################

Traceback (most recent call last):
  File "C:\Users\danny\.claude-worktrees\dbawholelifejourney\serene-ellis\apps\life\tests\test_life_comprehensive.py", line 793, in test_stats_includes_recipes_count
    self.assertEqual(response.context['stats']['recipes'], 2)
                     ~~~~~~~~~~~~~~~~^^^^^^^^^
TypeError: 'NoneType' object is not subscriptable

############################################################
ERROR #368 - apps.life
############################################################

Traceback (most recent call last):
  File "C:\Users\danny\.claude-worktrees\dbawholelifejourney\serene-ellis\apps\life\tests\test_life_comprehensive.py", line 820, in test_stats_user_isolation
    stats = response.context['stats']
            ~~~~~~~~~~~~~~~~^^^^^^^^^
TypeError: 'NoneType' object is not subscriptable

############################################################
ERROR #369 - apps.life
############################################################

Traceback (most recent call last):
  File "C:\Users\danny\.claude-worktrees\dbawholelifejourney\serene-ellis\apps\life\tests\test_life_comprehensive.py", line 798, in test_stats_zero_when_no_data
    stats = response.context['stats']
            ~~~~~~~~~~~~~~~~^^^^^^^^^
TypeError: 'NoneType' object is not subscriptable

############################################################
ERROR #370 - apps.life
############################################################

Traceback (most recent call last):
  File "C:\Users\danny\.claude-worktrees\dbawholelifejourney\serene-ellis\apps\life\tests\test_life_comprehensive.py", line 412, in test_project_create_has_form
    self.assertIn('form', response.context)
    ~~~~~~~~~~~~~^^^^^^^^^^^^^^^^^^^^^^^^^^
  File "C:\Users\danny\AppData\Local\Programs\Python\Python314\Lib\unittest\case.py", line 1189, in assertIn
    if member not in container:
       ^^^^^^^^^^^^^^^^^^^^^^^
TypeError: argument of type 'NoneType' is not a container or iterable

############################################################
ERROR #371 - apps.life
############################################################

Traceback (most recent call last):
  File "C:\Users\danny\.claude-worktrees\dbawholelifejourney\serene-ellis\apps\life\tests\test_life_comprehensive.py", line 417, in test_task_create_has_form
    self.assertIn('form', response.context)
    ~~~~~~~~~~~~~^^^^^^^^^^^^^^^^^^^^^^^^^^
  File "C:\Users\danny\AppData\Local\Programs\Python\Python314\Lib\unittest\case.py", line 1189, in assertIn
    if member not in container:
       ^^^^^^^^^^^^^^^^^^^^^^^
TypeError: argument of type 'NoneType' is not a container or iterable

############################################################
ERROR #372 - apps.life
############################################################

Traceback (most recent call last):
  File "C:\Users\danny\.claude-worktrees\dbawholelifejourney\serene-ellis\apps\life\tests\test_google_calendar.py", line 577, in test_user_cannot_delete_other_users_project
    self.assertEqual(response.status_code, 404)
    ~~~~~~~~~~~~~~~~^^^^^^^^^^^^^^^^^^^^^^^^^^^
AssertionError: 302 != 404

############################################################
ERROR #373 - apps.life
############################################################

Traceback (most recent call last):
  File "C:\Users\danny\.claude-worktrees\dbawholelifejourney\serene-ellis\apps\life\tests\test_google_calendar.py", line 569, in test_user_cannot_edit_other_users_task
    self.assertEqual(response.status_code, 404)
    ~~~~~~~~~~~~~~~~^^^^^^^^^^^^^^^^^^^^^^^^^^^
AssertionError: 302 != 404

############################################################
ERROR #374 - apps.life
############################################################

Traceback (most recent call last):
  File "C:\Users\danny\.claude-worktrees\dbawholelifejourney\serene-ellis\apps\life\tests\test_google_calendar.py", line 561, in test_user_cannot_view_other_users_project
    self.assertEqual(response.status_code, 404)
    ~~~~~~~~~~~~~~~~^^^^^^^^^^^^^^^^^^^^^^^^^^^
AssertionError: 302 != 404

############################################################
ERROR #375 - apps.life
############################################################

Traceback (most recent call last):
  File "C:\Users\danny\.claude-worktrees\dbawholelifejourney\serene-ellis\apps\life\tests\test_google_calendar.py", line 544, in test_user_sees_only_own_projects
    self.assertContains(response, 'User A Project')
    ~~~~~~~~~~~~~~~~~~~^^^^^^^^^^^^^^^^^^^^^^^^^^^^
AssertionError: 302 != 200 : Couldn't retrieve content: Response code was 302 (expected 200)

############################################################
ERROR #376 - apps.life
############################################################

Traceback (most recent call last):
  File "C:\Users\danny\.claude-worktrees\dbawholelifejourney\serene-ellis\apps\life\tests\test_google_calendar.py", line 552, in test_user_sees_only_own_tasks
    self.assertContains(response, 'User A Task')
    ~~~~~~~~~~~~~~~~~~~^^^^^^^^^^^^^^^^^^^^^^^^^
AssertionError: 302 != 200 : Couldn't retrieve content: Response code was 302 (expected 200)

############################################################
ERROR #377 - apps.life
############################################################

Traceback (most recent call last):
  File "C:\Users\danny\.claude-worktrees\dbawholelifejourney\serene-ellis\apps\life\tests\test_google_calendar.py", line 435, in test_project_list_empty
    self.assertEqual(response.status_code, 200)
    ~~~~~~~~~~~~~~~~^^^^^^^^^^^^^^^^^^^^^^^^^^^
AssertionError: 302 != 200

############################################################
ERROR #378 - apps.life
############################################################

Traceback (most recent call last):
  File "C:\Users\danny\.claude-worktrees\dbawholelifejourney\serene-ellis\apps\life\tests\test_google_calendar.py", line 440, in test_task_list_empty
    self.assertEqual(response.status_code, 200)
    ~~~~~~~~~~~~~~~~^^^^^^^^^^^^^^^^^^^^^^^^^^^
AssertionError: 302 != 200

############################################################
ERROR #379 - apps.life
############################################################

Traceback (most recent call last):
  File "C:\Users\danny\.claude-worktrees\dbawholelifejourney\serene-ellis\apps\life\tests\test_google_calendar.py", line 380, in test_calendar_loads
    self.assertEqual(response.status_code, 200)
    ~~~~~~~~~~~~~~~~^^^^^^^^^^^^^^^^^^^^^^^^^^^
AssertionError: 302 != 200

############################################################
ERROR #380 - apps.life
############################################################

Traceback (most recent call last):
  File "C:\Users\danny\.claude-worktrees\dbawholelifejourney\serene-ellis\apps\life\tests\test_google_calendar.py", line 350, in test_life_home_loads
    self.assertEqual(response.status_code, 200)
    ~~~~~~~~~~~~~~~~^^^^^^^^^^^^^^^^^^^^^^^^^^^
AssertionError: 302 != 200

############################################################
ERROR #381 - apps.life
############################################################

Traceback (most recent call last):
  File "C:\Users\danny\.claude-worktrees\dbawholelifejourney\serene-ellis\apps\life\tests\test_google_calendar.py", line 362, in test_project_create_loads
    self.assertEqual(response.status_code, 200)
    ~~~~~~~~~~~~~~~~^^^^^^^^^^^^^^^^^^^^^^^^^^^
AssertionError: 302 != 200

############################################################
ERROR #382 - apps.life
############################################################

Traceback (most recent call last):
  File "C:\Users\danny\.claude-worktrees\dbawholelifejourney\serene-ellis\apps\life\tests\test_google_calendar.py", line 356, in test_project_list_loads
    self.assertEqual(response.status_code, 200)
    ~~~~~~~~~~~~~~~~^^^^^^^^^^^^^^^^^^^^^^^^^^^
AssertionError: 302 != 200

############################################################
ERROR #383 - apps.life
############################################################

Traceback (most recent call last):
  File "C:\Users\danny\.claude-worktrees\dbawholelifejourney\serene-ellis\apps\life\tests\test_google_calendar.py", line 374, in test_task_create_loads
    self.assertEqual(response.status_code, 200)
    ~~~~~~~~~~~~~~~~^^^^^^^^^^^^^^^^^^^^^^^^^^^
AssertionError: 302 != 200

############################################################
ERROR #384 - apps.life
############################################################

Traceback (most recent call last):
  File "C:\Users\danny\.claude-worktrees\dbawholelifejourney\serene-ellis\apps\life\tests\test_google_calendar.py", line 368, in test_task_list_loads
    self.assertEqual(response.status_code, 200)
    ~~~~~~~~~~~~~~~~^^^^^^^^^^^^^^^^^^^^^^^^^^^
AssertionError: 302 != 200

############################################################
ERROR #385 - apps.life
############################################################

Traceback (most recent call last):
  File "C:\Users\danny\.claude-worktrees\dbawholelifejourney\serene-ellis\apps\life\tests\test_life_comprehensive.py", line 577, in test_user_cannot_delete_other_users_project
    self.assertEqual(response.status_code, 404)
    ~~~~~~~~~~~~~~~~^^^^^^^^^^^^^^^^^^^^^^^^^^^
AssertionError: 302 != 404

############################################################
ERROR #386 - apps.life
############################################################

Traceback (most recent call last):
  File "C:\Users\danny\.claude-worktrees\dbawholelifejourney\serene-ellis\apps\life\tests\test_life_comprehensive.py", line 569, in test_user_cannot_edit_other_users_task
    self.assertEqual(response.status_code, 404)
    ~~~~~~~~~~~~~~~~^^^^^^^^^^^^^^^^^^^^^^^^^^^
AssertionError: 302 != 404

############################################################
ERROR #387 - apps.life
############################################################

Traceback (most recent call last):
  File "C:\Users\danny\.claude-worktrees\dbawholelifejourney\serene-ellis\apps\life\tests\test_life_comprehensive.py", line 561, in test_user_cannot_view_other_users_project
    self.assertEqual(response.status_code, 404)
    ~~~~~~~~~~~~~~~~^^^^^^^^^^^^^^^^^^^^^^^^^^^
AssertionError: 302 != 404

############################################################
ERROR #388 - apps.life
############################################################

Traceback (most recent call last):
  File "C:\Users\danny\.claude-worktrees\dbawholelifejourney\serene-ellis\apps\life\tests\test_life_comprehensive.py", line 544, in test_user_sees_only_own_projects
    self.assertContains(response, 'User A Project')
    ~~~~~~~~~~~~~~~~~~~^^^^^^^^^^^^^^^^^^^^^^^^^^^^
AssertionError: 302 != 200 : Couldn't retrieve content: Response code was 302 (expected 200)

############################################################
ERROR #389 - apps.life
############################################################

Traceback (most recent call last):
  File "C:\Users\danny\.claude-worktrees\dbawholelifejourney\serene-ellis\apps\life\tests\test_life_comprehensive.py", line 552, in test_user_sees_only_own_tasks
    self.assertContains(response, 'User A Task')
    ~~~~~~~~~~~~~~~~~~~^^^^^^^^^^^^^^^^^^^^^^^^^
AssertionError: 302 != 200 : Couldn't retrieve content: Response code was 302 (expected 200)

############################################################
ERROR #390 - apps.life
############################################################

Traceback (most recent call last):
  File "C:\Users\danny\.claude-worktrees\dbawholelifejourney\serene-ellis\apps\life\tests\test_life_comprehensive.py", line 435, in test_project_list_empty
    self.assertEqual(response.status_code, 200)
    ~~~~~~~~~~~~~~~~^^^^^^^^^^^^^^^^^^^^^^^^^^^
AssertionError: 302 != 200

############################################################
ERROR #391 - apps.life
############################################################

Traceback (most recent call last):
  File "C:\Users\danny\.claude-worktrees\dbawholelifejourney\serene-ellis\apps\life\tests\test_life_comprehensive.py", line 440, in test_task_list_empty
    self.assertEqual(response.status_code, 200)
    ~~~~~~~~~~~~~~~~^^^^^^^^^^^^^^^^^^^^^^^^^^^
AssertionError: 302 != 200

############################################################
ERROR #392 - apps.life
############################################################

Traceback (most recent call last):
  File "C:\Users\danny\.claude-worktrees\dbawholelifejourney\serene-ellis\apps\life\tests\test_life_comprehensive.py", line 380, in test_calendar_loads
    self.assertEqual(response.status_code, 200)
    ~~~~~~~~~~~~~~~~^^^^^^^^^^^^^^^^^^^^^^^^^^^
AssertionError: 302 != 200

############################################################
ERROR #393 - apps.life
############################################################

Traceback (most recent call last):
  File "C:\Users\danny\.claude-worktrees\dbawholelifejourney\serene-ellis\apps\life\tests\test_life_comprehensive.py", line 350, in test_life_home_loads
    self.assertEqual(response.status_code, 200)
    ~~~~~~~~~~~~~~~~^^^^^^^^^^^^^^^^^^^^^^^^^^^
AssertionError: 302 != 200

############################################################
ERROR #394 - apps.life
############################################################

Traceback (most recent call last):
  File "C:\Users\danny\.claude-worktrees\dbawholelifejourney\serene-ellis\apps\life\tests\test_life_comprehensive.py", line 362, in test_project_create_loads
    self.assertEqual(response.status_code, 200)
    ~~~~~~~~~~~~~~~~^^^^^^^^^^^^^^^^^^^^^^^^^^^
AssertionError: 302 != 200

############################################################
ERROR #395 - apps.life
############################################################

Traceback (most recent call last):
  File "C:\Users\danny\.claude-worktrees\dbawholelifejourney\serene-ellis\apps\life\tests\test_life_comprehensive.py", line 356, in test_project_list_loads
    self.assertEqual(response.status_code, 200)
    ~~~~~~~~~~~~~~~~^^^^^^^^^^^^^^^^^^^^^^^^^^^
AssertionError: 302 != 200

############################################################
ERROR #396 - apps.life
############################################################

Traceback (most recent call last):
  File "C:\Users\danny\.claude-worktrees\dbawholelifejourney\serene-ellis\apps\life\tests\test_life_comprehensive.py", line 374, in test_task_create_loads
    self.assertEqual(response.status_code, 200)
    ~~~~~~~~~~~~~~~~^^^^^^^^^^^^^^^^^^^^^^^^^^^
AssertionError: 302 != 200

############################################################
ERROR #397 - apps.life
############################################################

Traceback (most recent call last):
  File "C:\Users\danny\.claude-worktrees\dbawholelifejourney\serene-ellis\apps\life\tests\test_life_comprehensive.py", line 368, in test_task_list_loads
    self.assertEqual(response.status_code, 200)
    ~~~~~~~~~~~~~~~~^^^^^^^^^^^^^^^^^^^^^^^^^^^
AssertionError: 302 != 200

############################################################
ERROR #398 - apps.life
############################################################

Traceback (most recent call last):
  File "C:\Users\danny\.claude-worktrees\dbawholelifejourney\serene-ellis\apps\life\tests\test_models.py", line 201, in test_event_is_today
    self.assertTrue(event.is_today)
    ~~~~~~~~~~~~~~~^^^^^^^^^^^^^^^^
AssertionError: False is not true

############################################################
ERROR #399 - apps.purpose.tests
############################################################

======================================================================
ERROR: test_goal_detail_has_goal (test_purpose_comprehensive.PurposeContextTest.test_goal_detail_has_goal)
Goal detail includes goal in context.
----------------------------------------------------------------------

############################################################
ERROR #400 - apps.purpose.tests
############################################################

======================================================================
ERROR: test_goal_list_has_goals (test_purpose_comprehensive.PurposeContextTest.test_goal_list_has_goals)
Goal list includes goals in context.
----------------------------------------------------------------------

############################################################
ERROR #401 - apps.purpose.tests
############################################################

======================================================================
ERROR: test_goal_create_has_form (test_purpose_comprehensive.PurposeFormTest.test_goal_create_has_form)
Goal create page has form.
----------------------------------------------------------------------

############################################################
ERROR #402 - apps.purpose.tests
############################################################

======================================================================
FAIL: test_user_a_sees_only_their_goals (test_purpose.PurposeDataIsolationTest.test_user_a_sees_only_their_goals)
User A only sees their own goals.
----------------------------------------------------------------------

############################################################
ERROR #403 - apps.purpose.tests
############################################################

======================================================================
FAIL: test_user_cannot_delete_other_users_goal (test_purpose.PurposeDataIsolationTest.test_user_cannot_delete_other_users_goal)
User A cannot delete User B's goal.
----------------------------------------------------------------------

############################################################
ERROR #404 - apps.purpose.tests
############################################################

======================================================================
FAIL: test_user_cannot_edit_other_users_goal (test_purpose.PurposeDataIsolationTest.test_user_cannot_edit_other_users_goal)
User A cannot edit User B's goal.
----------------------------------------------------------------------

############################################################
ERROR #405 - apps.purpose.tests
############################################################

======================================================================
FAIL: test_direction_list_loads (test_purpose.PurposeViewTest.test_direction_list_loads)
Direction list page loads.
----------------------------------------------------------------------

############################################################
ERROR #406 - apps.purpose.tests
############################################################

======================================================================
FAIL: test_goal_create_page_loads (test_purpose.PurposeViewTest.test_goal_create_page_loads)
Goal create page loads.
----------------------------------------------------------------------

############################################################
ERROR #407 - apps.purpose.tests
############################################################

======================================================================
FAIL: test_goal_list_loads (test_purpose.PurposeViewTest.test_goal_list_loads)
Goal list page loads.
----------------------------------------------------------------------

############################################################
ERROR #408 - apps.purpose.tests
############################################################

======================================================================
FAIL: test_purpose_home_loads (test_purpose.PurposeViewTest.test_purpose_home_loads)
Purpose home page loads for authenticated user.
----------------------------------------------------------------------

############################################################
ERROR #409 - apps.purpose.tests
############################################################

======================================================================
FAIL: test_reflection_list_loads (test_purpose.PurposeViewTest.test_reflection_list_loads)
Reflection list page loads.
----------------------------------------------------------------------

############################################################
ERROR #410 - apps.purpose.tests
############################################################

======================================================================
FAIL: test_user_cannot_delete_other_users_goal (test_purpose_comprehensive.PurposeDataIsolationTest.test_user_cannot_delete_other_users_goal)
User cannot delete another user's goal.
----------------------------------------------------------------------

############################################################
ERROR #411 - apps.purpose.tests
############################################################

======================================================================
FAIL: test_user_cannot_edit_other_users_goal (test_purpose_comprehensive.PurposeDataIsolationTest.test_user_cannot_edit_other_users_goal)
User cannot edit another user's goal.
----------------------------------------------------------------------

############################################################
ERROR #412 - apps.purpose.tests
############################################################

======================================================================
FAIL: test_user_cannot_view_other_users_goal (test_purpose_comprehensive.PurposeDataIsolationTest.test_user_cannot_view_other_users_goal)
User cannot view another user's goal detail.
----------------------------------------------------------------------

############################################################
ERROR #413 - apps.purpose.tests
############################################################

======================================================================
FAIL: test_user_sees_only_own_directions (test_purpose_comprehensive.PurposeDataIsolationTest.test_user_sees_only_own_directions)
User only sees their own directions.
----------------------------------------------------------------------

############################################################
ERROR #414 - apps.purpose.tests
############################################################

======================================================================
FAIL: test_user_sees_only_own_goals (test_purpose_comprehensive.PurposeDataIsolationTest.test_user_sees_only_own_goals)
User only sees their own goals.
----------------------------------------------------------------------

############################################################
ERROR #415 - apps.purpose.tests
############################################################

======================================================================
FAIL: test_direction_list_empty (test_purpose_comprehensive.PurposeEdgeCaseTest.test_direction_list_empty)
Direction list loads with no directions.
----------------------------------------------------------------------

############################################################
ERROR #416 - apps.purpose.tests
############################################################

======================================================================
FAIL: test_goal_list_empty (test_purpose_comprehensive.PurposeEdgeCaseTest.test_goal_list_empty)
Goal list loads with no goals.
----------------------------------------------------------------------

############################################################
ERROR #417 - apps.purpose.tests
############################################################

======================================================================
FAIL: test_direction_create_loads (test_purpose_comprehensive.PurposeViewBasicTest.test_direction_create_loads)
Direction create page loads.
----------------------------------------------------------------------

############################################################
ERROR #418 - apps.purpose.tests
############################################################

======================================================================
FAIL: test_direction_list_loads (test_purpose_comprehensive.PurposeViewBasicTest.test_direction_list_loads)
Direction list page loads.
----------------------------------------------------------------------

############################################################
ERROR #419 - apps.purpose.tests
############################################################

======================================================================
FAIL: test_goal_create_loads (test_purpose_comprehensive.PurposeViewBasicTest.test_goal_create_loads)
Goal create page loads.
----------------------------------------------------------------------

############################################################
ERROR #420 - apps.purpose.tests
############################################################

======================================================================
FAIL: test_goal_list_loads (test_purpose_comprehensive.PurposeViewBasicTest.test_goal_list_loads)
Goal list page loads.
----------------------------------------------------------------------

############################################################
ERROR #421 - apps.purpose.tests
############################################################

======================================================================
FAIL: test_intention_list_loads (test_purpose_comprehensive.PurposeViewBasicTest.test_intention_list_loads)
Intention list page loads.
----------------------------------------------------------------------

############################################################
ERROR #422 - apps.purpose.tests
############################################################

======================================================================
FAIL: test_purpose_home_loads (test_purpose_comprehensive.PurposeViewBasicTest.test_purpose_home_loads)
Purpose home loads for authenticated user.
----------------------------------------------------------------------

############################################################
ERROR #423 - apps.purpose.tests
############################################################

======================================================================
FAIL: test_reflection_list_loads (test_purpose_comprehensive.PurposeViewBasicTest.test_reflection_list_loads)
Reflection list page loads.
----------------------------------------------------------------------

############################################################
ERROR #424 - apps.purpose.tests
############################################################

Traceback (most recent call last):
  File "C:\Users\danny\.claude-worktrees\dbawholelifejourney\serene-ellis\apps\purpose\tests\test_purpose_comprehensive.py", line 583, in test_goal_detail_has_goal
    self.assertEqual(response.context['object'], goal)
                     ~~~~~~~~~~~~~~~~^^^^^^^^^^
TypeError: 'NoneType' object is not subscriptable

############################################################
ERROR #425 - apps.purpose.tests
############################################################

Traceback (most recent call last):
  File "C:\Users\danny\.claude-worktrees\dbawholelifejourney\serene-ellis\apps\purpose\tests\test_purpose_comprehensive.py", line 572, in test_goal_list_has_goals
    'object_list' in response.context or 'goals' in response.context
    ^^^^^^^^^^^^^^^^^^^^^^^^^^^^^^^^^
TypeError: argument of type 'NoneType' is not a container or iterable

############################################################
ERROR #426 - apps.purpose.tests
############################################################

Traceback (most recent call last):
  File "C:\Users\danny\.claude-worktrees\dbawholelifejourney\serene-ellis\apps\purpose\tests\test_purpose_comprehensive.py", line 395, in test_goal_create_has_form
    self.assertIn('form', response.context)
    ~~~~~~~~~~~~~^^^^^^^^^^^^^^^^^^^^^^^^^^
  File "C:\Users\danny\AppData\Local\Programs\Python\Python314\Lib\unittest\case.py", line 1189, in assertIn
    if member not in container:
       ^^^^^^^^^^^^^^^^^^^^^^^
TypeError: argument of type 'NoneType' is not a container or iterable

############################################################
ERROR #427 - apps.purpose.tests
############################################################

Traceback (most recent call last):
  File "C:\Users\danny\.claude-worktrees\dbawholelifejourney\serene-ellis\apps\purpose\tests\test_purpose.py", line 212, in test_user_a_sees_only_their_goals
    self.assertContains(response, 'User A Goal')
    ~~~~~~~~~~~~~~~~~~~^^^^^^^^^^^^^^^^^^^^^^^^^
AssertionError: 302 != 200 : Couldn't retrieve content: Response code was 302 (expected 200)

############################################################
ERROR #428 - apps.purpose.tests
############################################################

Traceback (most recent call last):
  File "C:\Users\danny\.claude-worktrees\dbawholelifejourney\serene-ellis\apps\purpose\tests\test_purpose.py", line 229, in test_user_cannot_delete_other_users_goal
    self.assertEqual(response.status_code, 404)
    ~~~~~~~~~~~~~~~~^^^^^^^^^^^^^^^^^^^^^^^^^^^
AssertionError: 302 != 404

############################################################
ERROR #429 - apps.purpose.tests
############################################################

Traceback (most recent call last):
  File "C:\Users\danny\.claude-worktrees\dbawholelifejourney\serene-ellis\apps\purpose\tests\test_purpose.py", line 221, in test_user_cannot_edit_other_users_goal
    self.assertEqual(response.status_code, 404)
    ~~~~~~~~~~~~~~~~^^^^^^^^^^^^^^^^^^^^^^^^^^^
AssertionError: 302 != 404

############################################################
ERROR #430 - apps.purpose.tests
############################################################

Traceback (most recent call last):
  File "C:\Users\danny\.claude-worktrees\dbawholelifejourney\serene-ellis\apps\purpose\tests\test_purpose.py", line 159, in test_direction_list_loads
    self.assertEqual(response.status_code, 200)
    ~~~~~~~~~~~~~~~~^^^^^^^^^^^^^^^^^^^^^^^^^^^
AssertionError: 302 != 200

############################################################
ERROR #431 - apps.purpose.tests
############################################################

Traceback (most recent call last):
  File "C:\Users\danny\.claude-worktrees\dbawholelifejourney\serene-ellis\apps\purpose\tests\test_purpose.py", line 153, in test_goal_create_page_loads
    self.assertEqual(response.status_code, 200)
    ~~~~~~~~~~~~~~~~^^^^^^^^^^^^^^^^^^^^^^^^^^^
AssertionError: 302 != 200

############################################################
ERROR #432 - apps.purpose.tests
############################################################

Traceback (most recent call last):
  File "C:\Users\danny\.claude-worktrees\dbawholelifejourney\serene-ellis\apps\purpose\tests\test_purpose.py", line 147, in test_goal_list_loads
    self.assertEqual(response.status_code, 200)
    ~~~~~~~~~~~~~~~~^^^^^^^^^^^^^^^^^^^^^^^^^^^
AssertionError: 302 != 200

############################################################
ERROR #433 - apps.purpose.tests
############################################################

Traceback (most recent call last):
  File "C:\Users\danny\.claude-worktrees\dbawholelifejourney\serene-ellis\apps\purpose\tests\test_purpose.py", line 141, in test_purpose_home_loads
    self.assertEqual(response.status_code, 200)
    ~~~~~~~~~~~~~~~~^^^^^^^^^^^^^^^^^^^^^^^^^^^
AssertionError: 302 != 200

############################################################
ERROR #434 - apps.purpose.tests
############################################################

Traceback (most recent call last):
  File "C:\Users\danny\.claude-worktrees\dbawholelifejourney\serene-ellis\apps\purpose\tests\test_purpose.py", line 165, in test_reflection_list_loads
    self.assertEqual(response.status_code, 200)
    ~~~~~~~~~~~~~~~~^^^^^^^^^^^^^^^^^^^^^^^^^^^
AssertionError: 302 != 200

############################################################
ERROR #435 - apps.purpose.tests
############################################################

Traceback (most recent call last):
  File "C:\Users\danny\.claude-worktrees\dbawholelifejourney\serene-ellis\apps\purpose\tests\test_purpose_comprehensive.py", line 549, in test_user_cannot_delete_other_users_goal
    self.assertEqual(response.status_code, 404)
    ~~~~~~~~~~~~~~~~^^^^^^^^^^^^^^^^^^^^^^^^^^^
AssertionError: 302 != 404

############################################################
ERROR #436 - apps.purpose.tests
############################################################

Traceback (most recent call last):
  File "C:\Users\danny\.claude-worktrees\dbawholelifejourney\serene-ellis\apps\purpose\tests\test_purpose_comprehensive.py", line 541, in test_user_cannot_edit_other_users_goal
    self.assertEqual(response.status_code, 404)
    ~~~~~~~~~~~~~~~~^^^^^^^^^^^^^^^^^^^^^^^^^^^
AssertionError: 302 != 404

############################################################
ERROR #437 - apps.purpose.tests
############################################################

Traceback (most recent call last):
  File "C:\Users\danny\.claude-worktrees\dbawholelifejourney\serene-ellis\apps\purpose\tests\test_purpose_comprehensive.py", line 533, in test_user_cannot_view_other_users_goal
    self.assertEqual(response.status_code, 404)
    ~~~~~~~~~~~~~~~~^^^^^^^^^^^^^^^^^^^^^^^^^^^
AssertionError: 302 != 404

############################################################
ERROR #438 - apps.purpose.tests
############################################################

Traceback (most recent call last):
  File "C:\Users\danny\.claude-worktrees\dbawholelifejourney\serene-ellis\apps\purpose\tests\test_purpose_comprehensive.py", line 524, in test_user_sees_only_own_directions
    self.assertContains(response, 'WordA')
    ~~~~~~~~~~~~~~~~~~~^^^^^^^^^^^^^^^^^^^
AssertionError: 302 != 200 : Couldn't retrieve content: Response code was 302 (expected 200)

############################################################
ERROR #439 - apps.purpose.tests
############################################################

Traceback (most recent call last):
  File "C:\Users\danny\.claude-worktrees\dbawholelifejourney\serene-ellis\apps\purpose\tests\test_purpose_comprehensive.py", line 516, in test_user_sees_only_own_goals
    self.assertContains(response, 'User A Goal')
    ~~~~~~~~~~~~~~~~~~~^^^^^^^^^^^^^^^^^^^^^^^^^
AssertionError: 302 != 200 : Couldn't retrieve content: Response code was 302 (expected 200)

############################################################
ERROR #440 - apps.purpose.tests
############################################################

Traceback (most recent call last):
  File "C:\Users\danny\.claude-worktrees\dbawholelifejourney\serene-ellis\apps\purpose\tests\test_purpose_comprehensive.py", line 418, in test_direction_list_empty
    self.assertEqual(response.status_code, 200)
    ~~~~~~~~~~~~~~~~^^^^^^^^^^^^^^^^^^^^^^^^^^^
AssertionError: 302 != 200

############################################################
ERROR #441 - apps.purpose.tests
############################################################

Traceback (most recent call last):
  File "C:\Users\danny\.claude-worktrees\dbawholelifejourney\serene-ellis\apps\purpose\tests\test_purpose_comprehensive.py", line 413, in test_goal_list_empty
    self.assertEqual(response.status_code, 200)
    ~~~~~~~~~~~~~~~~^^^^^^^^^^^^^^^^^^^^^^^^^^^
AssertionError: 302 != 200

############################################################
ERROR #442 - apps.purpose.tests
############################################################

Traceback (most recent call last):
  File "C:\Users\danny\.claude-worktrees\dbawholelifejourney\serene-ellis\apps\purpose\tests\test_purpose_comprehensive.py", line 349, in test_direction_create_loads
    self.assertEqual(response.status_code, 200)
    ~~~~~~~~~~~~~~~~^^^^^^^^^^^^^^^^^^^^^^^^^^^
AssertionError: 302 != 200

############################################################
ERROR #443 - apps.purpose.tests
############################################################

Traceback (most recent call last):
  File "C:\Users\danny\.claude-worktrees\dbawholelifejourney\serene-ellis\apps\purpose\tests\test_purpose_comprehensive.py", line 343, in test_direction_list_loads
    self.assertEqual(response.status_code, 200)
    ~~~~~~~~~~~~~~~~^^^^^^^^^^^^^^^^^^^^^^^^^^^
AssertionError: 302 != 200

############################################################
ERROR #444 - apps.purpose.tests
############################################################

Traceback (most recent call last):
  File "C:\Users\danny\.claude-worktrees\dbawholelifejourney\serene-ellis\apps\purpose\tests\test_purpose_comprehensive.py", line 337, in test_goal_create_loads
    self.assertEqual(response.status_code, 200)
    ~~~~~~~~~~~~~~~~^^^^^^^^^^^^^^^^^^^^^^^^^^^
AssertionError: 302 != 200

############################################################
ERROR #445 - apps.purpose.tests
############################################################

Traceback (most recent call last):
  File "C:\Users\danny\.claude-worktrees\dbawholelifejourney\serene-ellis\apps\purpose\tests\test_purpose_comprehensive.py", line 331, in test_goal_list_loads
    self.assertEqual(response.status_code, 200)
    ~~~~~~~~~~~~~~~~^^^^^^^^^^^^^^^^^^^^^^^^^^^
AssertionError: 302 != 200

############################################################
ERROR #446 - apps.purpose.tests
############################################################

Traceback (most recent call last):
  File "C:\Users\danny\.claude-worktrees\dbawholelifejourney\serene-ellis\apps\purpose\tests\test_purpose_comprehensive.py", line 355, in test_intention_list_loads
    self.assertEqual(response.status_code, 200)
    ~~~~~~~~~~~~~~~~^^^^^^^^^^^^^^^^^^^^^^^^^^^
AssertionError: 302 != 200

############################################################
ERROR #447 - apps.purpose.tests
############################################################

Traceback (most recent call last):
  File "C:\Users\danny\.claude-worktrees\dbawholelifejourney\serene-ellis\apps\purpose\tests\test_purpose_comprehensive.py", line 325, in test_purpose_home_loads
    self.assertEqual(response.status_code, 200)
    ~~~~~~~~~~~~~~~~^^^^^^^^^^^^^^^^^^^^^^^^^^^
AssertionError: 302 != 200

############################################################
ERROR #448 - apps.purpose.tests
############################################################

Traceback (most recent call last):
  File "C:\Users\danny\.claude-worktrees\dbawholelifejourney\serene-ellis\apps\purpose\tests\test_purpose_comprehensive.py", line 361, in test_reflection_list_loads
    self.assertEqual(response.status_code, 200)
    ~~~~~~~~~~~~~~~~^^^^^^^^^^^^^^^^^^^^^^^^^^^
AssertionError: 302 != 200

############################################################
ERROR #449 - apps.admin_console.tests
############################################################

======================================================================
ERROR: test_dashboard_has_stats (test_admin_console.AdminDashboardTest.test_dashboard_has_stats)
Dashboard shows statistics.
----------------------------------------------------------------------

############################################################
ERROR #450 - apps.admin_console.tests
############################################################

======================================================================
ERROR: test_dashboard_shows_recent_users (test_admin_console.AdminDashboardTest.test_dashboard_shows_recent_users)
Dashboard shows recent users.
----------------------------------------------------------------------

############################################################
ERROR #451 - apps.admin_console.tests
############################################################

======================================================================
ERROR: test_site_config_has_config_in_context (test_admin_console.SiteConfigurationTest.test_site_config_has_config_in_context)
Site config includes configuration in context.
----------------------------------------------------------------------

############################################################
ERROR #452 - apps.admin_console.tests
############################################################

======================================================================
ERROR: test_test_run_detail_has_context (test_admin_console.TestRunDetailViewTest.test_test_run_detail_has_context)
Test run detail has test_run in context.
----------------------------------------------------------------------

############################################################
ERROR #453 - apps.admin_console.tests
############################################################

======================================================================
ERROR: test_test_run_list_has_context (test_admin_console.TestRunListViewTest.test_test_run_list_has_context)
Test run list has expected context.
----------------------------------------------------------------------

############################################################
ERROR #454 - apps.admin_console.tests
############################################################

======================================================================
ERROR: test_test_run_list_shows_test_runs (test_admin_console.TestRunListViewTest.test_test_run_list_shows_test_runs)
Test run list shows test runs.
----------------------------------------------------------------------

############################################################
ERROR #455 - apps.admin_console.tests
############################################################

======================================================================
ERROR: test_user_list_shows_users (test_admin_console.UserManagementTest.test_user_list_shows_users)
User list displays users.
----------------------------------------------------------------------

############################################################
ERROR #456 - apps.admin_console.tests
############################################################

======================================================================
FAIL: test_dashboard_accessible_to_staff (test_admin_console.AdminAccessControlTest.test_dashboard_accessible_to_staff)
Admin dashboard accessible to staff users.
----------------------------------------------------------------------

############################################################
ERROR #457 - apps.admin_console.tests
############################################################

======================================================================
FAIL: test_site_config_accessible_to_staff (test_admin_console.AdminAccessControlTest.test_site_config_accessible_to_staff)
Site config accessible to staff.
----------------------------------------------------------------------

############################################################
ERROR #458 - apps.admin_console.tests
############################################################

======================================================================
FAIL: test_dashboard_loads (test_admin_console.AdminDashboardTest.test_dashboard_loads)
Dashboard page loads.
----------------------------------------------------------------------

############################################################
ERROR #459 - apps.admin_console.tests
############################################################

======================================================================
FAIL: test_empty_category_list (test_admin_console.AdminEdgeCaseTest.test_empty_category_list)
Category list handles no categories.
----------------------------------------------------------------------

############################################################
ERROR #460 - apps.admin_console.tests
############################################################

======================================================================
FAIL: test_empty_theme_list (test_admin_console.AdminEdgeCaseTest.test_empty_theme_list)
Theme list handles no themes.
----------------------------------------------------------------------

############################################################
ERROR #461 - apps.admin_console.tests
############################################################

======================================================================
FAIL: test_single_user_in_list (test_admin_console.AdminEdgeCaseTest.test_single_user_in_list)
User list works with single user.
----------------------------------------------------------------------

############################################################
ERROR #462 - apps.admin_console.tests
############################################################

======================================================================
FAIL: test_category_create_loads (test_admin_console.CategoryManagementTest.test_category_create_loads)
Category create page loads.
----------------------------------------------------------------------

############################################################
ERROR #463 - apps.admin_console.tests
############################################################

======================================================================
FAIL: test_category_list_loads (test_admin_console.CategoryManagementTest.test_category_list_loads)
Category list page loads.
----------------------------------------------------------------------

############################################################
ERROR #464 - apps.admin_console.tests
############################################################

======================================================================
FAIL: test_run_tests_blocked_in_production (test_admin_console.RunTestsViewTest.test_run_tests_blocked_in_production)
Run tests is blocked when DEBUG=False.
----------------------------------------------------------------------

############################################################
ERROR #465 - apps.admin_console.tests
############################################################

======================================================================
FAIL: test_site_config_loads (test_admin_console.SiteConfigurationTest.test_site_config_loads)
Site config page loads.
----------------------------------------------------------------------

############################################################
ERROR #466 - apps.admin_console.tests
############################################################

======================================================================
FAIL: test_staff_can_access_dashboard (test_admin_console.SuperuserVsStaffTest.test_staff_can_access_dashboard)
Regular staff can access admin dashboard.
----------------------------------------------------------------------

############################################################
ERROR #467 - apps.admin_console.tests
############################################################

======================================================================
FAIL: test_superuser_can_access_dashboard (test_admin_console.SuperuserVsStaffTest.test_superuser_can_access_dashboard)
Superuser can access admin dashboard.
----------------------------------------------------------------------

############################################################
ERROR #468 - apps.admin_console.tests
############################################################

======================================================================
FAIL: test_test_run_delete_page_loads (test_admin_console.TestRunDeleteViewTest.test_test_run_delete_page_loads)
Test run delete confirmation page loads.
----------------------------------------------------------------------

############################################################
ERROR #469 - apps.admin_console.tests
############################################################

======================================================================
FAIL: test_test_run_delete_works (test_admin_console.TestRunDeleteViewTest.test_test_run_delete_works)
Test run can be deleted.
----------------------------------------------------------------------

############################################################
ERROR #470 - apps.admin_console.tests
############################################################

======================================================================
FAIL: test_test_run_detail_loads (test_admin_console.TestRunDetailViewTest.test_test_run_detail_loads)
Test run detail page loads.
----------------------------------------------------------------------

############################################################
ERROR #471 - apps.admin_console.tests
############################################################

======================================================================
FAIL: test_test_run_detail_with_details (test_admin_console.TestRunDetailViewTest.test_test_run_detail_with_details)
Test run detail shows app details.
----------------------------------------------------------------------

############################################################
ERROR #472 - apps.admin_console.tests
############################################################

======================================================================
FAIL: test_empty_test_run_list (test_admin_console.TestRunListViewTest.test_empty_test_run_list)
Test run list handles no runs.
----------------------------------------------------------------------

############################################################
ERROR #473 - apps.admin_console.tests
############################################################

======================================================================
FAIL: test_test_run_list_loads (test_admin_console.TestRunListViewTest.test_test_run_list_loads)
Test run list page loads.
----------------------------------------------------------------------

############################################################
ERROR #474 - apps.admin_console.tests
############################################################

======================================================================
FAIL: test_theme_create_loads (test_admin_console.ThemeManagementTest.test_theme_create_loads)
Theme create page loads.
----------------------------------------------------------------------

############################################################
ERROR #475 - apps.admin_console.tests
############################################################

======================================================================
FAIL: test_theme_list_loads (test_admin_console.ThemeManagementTest.test_theme_list_loads)
Theme list page loads.
----------------------------------------------------------------------

############################################################
ERROR #476 - apps.admin_console.tests
############################################################

======================================================================
FAIL: test_user_list_loads (test_admin_console.UserManagementTest.test_user_list_loads)
User list page loads.
----------------------------------------------------------------------

############################################################
ERROR #477 - apps.admin_console.tests
############################################################

Traceback (most recent call last):
  File "C:\Users\danny\.claude-worktrees\dbawholelifejourney\serene-ellis\apps\admin_console\tests\test_admin_console.py", line 146, in test_dashboard_has_stats
    self.assertIn('total_users', response.context)
    ~~~~~~~~~~~~~^^^^^^^^^^^^^^^^^^^^^^^^^^^^^^^^^
  File "C:\Users\danny\AppData\Local\Programs\Python\Python314\Lib\unittest\case.py", line 1189, in assertIn
    if member not in container:
       ^^^^^^^^^^^^^^^^^^^^^^^
TypeError: argument of type 'NoneType' is not a container or iterable

############################################################
ERROR #478 - apps.admin_console.tests
############################################################

Traceback (most recent call last):
  File "C:\Users\danny\.claude-worktrees\dbawholelifejourney\serene-ellis\apps\admin_console\tests\test_admin_console.py", line 154, in test_dashboard_shows_recent_users
    self.assertIn('recent_users', response.context)
    ~~~~~~~~~~~~~^^^^^^^^^^^^^^^^^^^^^^^^^^^^^^^^^^
  File "C:\Users\danny\AppData\Local\Programs\Python\Python314\Lib\unittest\case.py", line 1189, in assertIn
    if member not in container:
       ^^^^^^^^^^^^^^^^^^^^^^^
TypeError: argument of type 'NoneType' is not a container or iterable

############################################################
ERROR #479 - apps.admin_console.tests
############################################################

Traceback (most recent call last):
  File "C:\Users\danny\.claude-worktrees\dbawholelifejourney\serene-ellis\apps\admin_console\tests\test_admin_console.py", line 177, in test_site_config_has_config_in_context
    self.assertIn('config', response.context)
    ~~~~~~~~~~~~~^^^^^^^^^^^^^^^^^^^^^^^^^^^^
  File "C:\Users\danny\AppData\Local\Programs\Python\Python314\Lib\unittest\case.py", line 1189, in assertIn
    if member not in container:
       ^^^^^^^^^^^^^^^^^^^^^^^
TypeError: argument of type 'NoneType' is not a container or iterable

############################################################
ERROR #480 - apps.admin_console.tests
############################################################

Traceback (most recent call last):
  File "C:\Users\danny\.claude-worktrees\dbawholelifejourney\serene-ellis\apps\admin_console\tests\test_admin_console.py", line 437, in test_test_run_detail_has_context
    self.assertEqual(response.context['test_run'], test_run)
                     ~~~~~~~~~~~~~~~~^^^^^^^^^^^^
TypeError: 'NoneType' object is not subscriptable

############################################################
ERROR #481 - apps.admin_console.tests
############################################################

Traceback (most recent call last):
  File "C:\Users\danny\.claude-worktrees\dbawholelifejourney\serene-ellis\apps\admin_console\tests\test_admin_console.py", line 361, in test_test_run_list_has_context
    self.assertIn('test_runs', response.context)
    ~~~~~~~~~~~~~^^^^^^^^^^^^^^^^^^^^^^^^^^^^^^^
  File "C:\Users\danny\AppData\Local\Programs\Python\Python314\Lib\unittest\case.py", line 1189, in assertIn
    if member not in container:
       ^^^^^^^^^^^^^^^^^^^^^^^
TypeError: argument of type 'NoneType' is not a container or iterable

############################################################
ERROR #482 - apps.admin_console.tests
############################################################

Traceback (most recent call last):
  File "C:\Users\danny\.claude-worktrees\dbawholelifejourney\serene-ellis\apps\admin_console\tests\test_admin_console.py", line 390, in test_test_run_list_shows_test_runs
    self.assertEqual(response.context['total_runs'], 2)
                     ~~~~~~~~~~~~~~~~^^^^^^^^^^^^^^
TypeError: 'NoneType' object is not subscriptable

############################################################
ERROR #483 - apps.admin_console.tests
############################################################

Traceback (most recent call last):
  File "C:\Users\danny\.claude-worktrees\dbawholelifejourney\serene-ellis\apps\admin_console\tests\test_admin_console.py", line 270, in test_user_list_shows_users
    'users' in response.context or
    ^^^^^^^^^^^^^^^^^^^^^^^^^^^
TypeError: argument of type 'NoneType' is not a container or iterable

############################################################
ERROR #484 - apps.admin_console.tests
############################################################

Traceback (most recent call last):
  File "C:\Users\danny\.claude-worktrees\dbawholelifejourney\serene-ellis\apps\admin_console\tests\test_admin_console.py", line 99, in test_dashboard_accessible_to_staff
    self.assertEqual(response.status_code, 200)
    ~~~~~~~~~~~~~~~~^^^^^^^^^^^^^^^^^^^^^^^^^^^
AssertionError: 302 != 200

############################################################
ERROR #485 - apps.admin_console.tests
############################################################

Traceback (most recent call last):
  File "C:\Users\danny\.claude-worktrees\dbawholelifejourney\serene-ellis\apps\admin_console\tests\test_admin_console.py", line 111, in test_site_config_accessible_to_staff
    self.assertEqual(response.status_code, 200)
    ~~~~~~~~~~~~~~~~^^^^^^^^^^^^^^^^^^^^^^^^^^^
AssertionError: 302 != 200

############################################################
ERROR #486 - apps.admin_console.tests
############################################################

Traceback (most recent call last):
  File "C:\Users\danny\.claude-worktrees\dbawholelifejourney\serene-ellis\apps\admin_console\tests\test_admin_console.py", line 141, in test_dashboard_loads
    self.assertEqual(response.status_code, 200)
    ~~~~~~~~~~~~~~~~^^^^^^^^^^^^^^^^^^^^^^^^^^^
AssertionError: 302 != 200

############################################################
ERROR #487 - apps.admin_console.tests
############################################################

Traceback (most recent call last):
  File "C:\Users\danny\.claude-worktrees\dbawholelifejourney\serene-ellis\apps\admin_console\tests\test_admin_console.py", line 326, in test_empty_category_list
    self.assertEqual(response.status_code, 200)
    ~~~~~~~~~~~~~~~~^^^^^^^^^^^^^^^^^^^^^^^^^^^
AssertionError: 302 != 200

############################################################
ERROR #488 - apps.admin_console.tests
############################################################

Traceback (most recent call last):
  File "C:\Users\danny\.claude-worktrees\dbawholelifejourney\serene-ellis\apps\admin_console\tests\test_admin_console.py", line 321, in test_empty_theme_list
    self.assertEqual(response.status_code, 200)
    ~~~~~~~~~~~~~~~~^^^^^^^^^^^^^^^^^^^^^^^^^^^
AssertionError: 302 != 200

############################################################
ERROR #489 - apps.admin_console.tests
############################################################

Traceback (most recent call last):
  File "C:\Users\danny\.claude-worktrees\dbawholelifejourney\serene-ellis\apps\admin_console\tests\test_admin_console.py", line 331, in test_single_user_in_list
    self.assertEqual(response.status_code, 200)
    ~~~~~~~~~~~~~~~~^^^^^^^^^^^^^^^^^^^^^^^^^^^
AssertionError: 302 != 200

############################################################
ERROR #490 - apps.admin_console.tests
############################################################

Traceback (most recent call last):
  File "C:\Users\danny\.claude-worktrees\dbawholelifejourney\serene-ellis\apps\admin_console\tests\test_admin_console.py", line 243, in test_category_create_loads
    self.assertEqual(response.status_code, 200)
    ~~~~~~~~~~~~~~~~^^^^^^^^^^^^^^^^^^^^^^^^^^^
AssertionError: 302 != 200

############################################################
ERROR #491 - apps.admin_console.tests
############################################################

Traceback (most recent call last):
  File "C:\Users\danny\.claude-worktrees\dbawholelifejourney\serene-ellis\apps\admin_console\tests\test_admin_console.py", line 238, in test_category_list_loads
    self.assertEqual(response.status_code, 200)
    ~~~~~~~~~~~~~~~~^^^^^^^^^^^^^^^^^^^^^^^^^^^
AssertionError: 302 != 200

############################################################
ERROR #492 - apps.admin_console.tests
############################################################

Traceback (most recent call last):
  File "C:\Users\danny\.claude-worktrees\dbawholelifejourney\serene-ellis\apps\admin_console\tests\test_admin_console.py", line 533, in test_run_tests_blocked_in_production
    self.assertRedirects(response, reverse('admin_console:test_run_list'))
    ~~~~~~~~~~~~~~~~~~~~^^^^^^^^^^^^^^^^^^^^^^^^^^^^^^^^^^^^^^^^^^^^^^^^^^
AssertionError: '/user/onboarding/start/' != '/admin-console/tests/'
- /user/onboarding/start/
+ /admin-console/tests/
 : Response redirected to '/user/onboarding/start/', expected '/admin-console/tests/': Expected '/user/onboarding/start/' to equal '/admin-console/tests/'.

############################################################
ERROR #493 - apps.admin_console.tests
############################################################

Traceback (most recent call last):
  File "C:\Users\danny\.claude-worktrees\dbawholelifejourney\serene-ellis\apps\admin_console\tests\test_admin_console.py", line 172, in test_site_config_loads
    self.assertEqual(response.status_code, 200)
    ~~~~~~~~~~~~~~~~^^^^^^^^^^^^^^^^^^^^^^^^^^^
AssertionError: 302 != 200

############################################################
ERROR #494 - apps.admin_console.tests
############################################################

Traceback (most recent call last):
  File "C:\Users\danny\.claude-worktrees\dbawholelifejourney\serene-ellis\apps\admin_console\tests\test_admin_console.py", line 291, in test_staff_can_access_dashboard
    self.assertEqual(response.status_code, 200)
    ~~~~~~~~~~~~~~~~^^^^^^^^^^^^^^^^^^^^^^^^^^^
AssertionError: 302 != 200

############################################################
ERROR #495 - apps.admin_console.tests
############################################################

Traceback (most recent call last):
  File "C:\Users\danny\.claude-worktrees\dbawholelifejourney\serene-ellis\apps\admin_console\tests\test_admin_console.py", line 297, in test_superuser_can_access_dashboard
    self.assertEqual(response.status_code, 200)
    ~~~~~~~~~~~~~~~~^^^^^^^^^^^^^^^^^^^^^^^^^^^
AssertionError: 302 != 200

############################################################
ERROR #496 - apps.admin_console.tests
############################################################

Traceback (most recent call last):
  File "C:\Users\danny\.claude-worktrees\dbawholelifejourney\serene-ellis\apps\admin_console\tests\test_admin_console.py", line 490, in test_test_run_delete_page_loads
    self.assertEqual(response.status_code, 200)
    ~~~~~~~~~~~~~~~~^^^^^^^^^^^^^^^^^^^^^^^^^^^
AssertionError: 302 != 200

############################################################
ERROR #497 - apps.admin_console.tests
############################################################

Traceback (most recent call last):
  File "C:\Users\danny\.claude-worktrees\dbawholelifejourney\serene-ellis\apps\admin_console\tests\test_admin_console.py", line 507, in test_test_run_delete_works
    self.assertFalse(TestRun.objects.filter(pk=pk).exists())
    ~~~~~~~~~~~~~~~~^^^^^^^^^^^^^^^^^^^^^^^^^^^^^^^^^^^^^^^^
AssertionError: True is not false

############################################################
ERROR #498 - apps.admin_console.tests
############################################################

Traceback (most recent call last):
  File "C:\Users\danny\.claude-worktrees\dbawholelifejourney\serene-ellis\apps\admin_console\tests\test_admin_console.py", line 422, in test_test_run_detail_loads
    self.assertEqual(response.status_code, 200)
    ~~~~~~~~~~~~~~~~^^^^^^^^^^^^^^^^^^^^^^^^^^^
AssertionError: 302 != 200

############################################################
ERROR #499 - apps.admin_console.tests
############################################################

Traceback (most recent call last):
  File "C:\Users\danny\.claude-worktrees\dbawholelifejourney\serene-ellis\apps\admin_console\tests\test_admin_console.py", line 463, in test_test_run_detail_with_details
    self.assertEqual(response.status_code, 200)
    ~~~~~~~~~~~~~~~~^^^^^^^^^^^^^^^^^^^^^^^^^^^
AssertionError: 302 != 200

############################################################
ERROR #500 - apps.admin_console.tests
############################################################

Traceback (most recent call last):
  File "C:\Users\danny\.claude-worktrees\dbawholelifejourney\serene-ellis\apps\admin_console\tests\test_admin_console.py", line 397, in test_empty_test_run_list
    self.assertEqual(response.status_code, 200)
    ~~~~~~~~~~~~~~~~^^^^^^^^^^^^^^^^^^^^^^^^^^^
AssertionError: 302 != 200

############################################################
ERROR #501 - apps.admin_console.tests
############################################################

Traceback (most recent call last):
  File "C:\Users\danny\.claude-worktrees\dbawholelifejourney\serene-ellis\apps\admin_console\tests\test_admin_console.py", line 349, in test_test_run_list_loads
    self.assertEqual(response.status_code, 200)
    ~~~~~~~~~~~~~~~~^^^^^^^^^^^^^^^^^^^^^^^^^^^
AssertionError: 302 != 200

############################################################
ERROR #502 - apps.admin_console.tests
############################################################

Traceback (most recent call last):
  File "C:\Users\danny\.claude-worktrees\dbawholelifejourney\serene-ellis\apps\admin_console\tests\test_admin_console.py", line 220, in test_theme_create_loads
    self.assertEqual(response.status_code, 200)
    ~~~~~~~~~~~~~~~~^^^^^^^^^^^^^^^^^^^^^^^^^^^
AssertionError: 302 != 200

############################################################
ERROR #503 - apps.admin_console.tests
############################################################

Traceback (most recent call last):
  File "C:\Users\danny\.claude-worktrees\dbawholelifejourney\serene-ellis\apps\admin_console\tests\test_admin_console.py", line 215, in test_theme_list_loads
    self.assertEqual(response.status_code, 200)
    ~~~~~~~~~~~~~~~~^^^^^^^^^^^^^^^^^^^^^^^^^^^
AssertionError: 302 != 200

############################################################
ERROR #504 - apps.admin_console.tests
############################################################

Traceback (most recent call last):
  File "C:\Users\danny\.claude-worktrees\dbawholelifejourney\serene-ellis\apps\admin_console\tests\test_admin_console.py", line 261, in test_user_list_loads
    self.assertEqual(response.status_code, 200)
    ~~~~~~~~~~~~~~~~^^^^^^^^^^^^^^^^^^^^^^^^^^^
AssertionError: 302 != 200

